[15:44:06] Fhavyre (uuid: 85136f24-357f-3898-ae13-0043e8d7a7be): t
[15:44:12] Fhavyre (uuid: 85136f24-357f-3898-ae13-0043e8d7a7be): t
[15:45:03] Fhavyre (uuid: 85136f24-357f-3898-ae13-0043e8d7a7be): t
[15:45:06] Fhavyre (uuid: 85136f24-357f-3898-ae13-0043e8d7a7be): t
[15:45:09] Fhavyre (uuid: 85136f24-357f-3898-ae13-0043e8d7a7be): afasf
[15:45:34] Fhavyre (uuid: 85136f24-357f-3898-ae13-0043e8d7a7be): t
[15:45:37] Fhavyre (uuid: 85136f24-357f-3898-ae13-0043e8d7a7be): afasf
[15:46:26] Fhavyre (uuid: 85136f24-357f-3898-ae13-0043e8d7a7be): t
[15:46:31] Fhavyre (uuid: 85136f24-357f-3898-ae13-0043e8d7a7be): Првиет
[15:46:37] Fhavyre (uuid: 85136f24-357f-3898-ae13-0043e8d7a7be): Првиет
[15:47:20] Fhavyre (uuid: 85136f24-357f-3898-ae13-0043e8d7a7be): Првиет
[15:47:23] Fhavyre (uuid: 85136f24-357f-3898-ae13-0043e8d7a7be): Првиет
[15:47:52] Zord (uuid: 9104dec6-73bd-3b9e-9f1b-d1cc688eeaad): t
[15:47:59] Fhavyre (uuid: 85136f24-357f-3898-ae13-0043e8d7a7be): Првиет
[15:48:07] Zord (uuid: 9104dec6-73bd-3b9e-9f1b-d1cc688eeaad): adfsda
[15:48:58] Fhavyre (uuid: 85136f24-357f-3898-ae13-0043e8d7a7be): Првиет
[15:49:06] Zord (uuid: 9104dec6-73bd-3b9e-9f1b-d1cc688eeaad): adfsda
[15:49:16] Zord (uuid: 9104dec6-73bd-3b9e-9f1b-d1cc688eeaad): adfsda
[15:49:19] Zord (uuid: 9104dec6-73bd-3b9e-9f1b-d1cc688eeaad): adfsdaasd
[15:50:09] Zord (uuid: 9104dec6-73bd-3b9e-9f1b-d1cc688eeaad): Привет
[15:50:24] Zord (uuid: 9104dec6-73bd-3b9e-9f1b-d1cc688eeaad): Привет как дела
[15:50:37] Zord (uuid: 9104dec6-73bd-3b9e-9f1b-d1cc688eeaad): Привет как дела норм ?
[15:50:49] Fhavyre (uuid: 85136f24-357f-3898-ae13-0043e8d7a7be): да
[15:50:55] Zord (uuid: 9104dec6-73bd-3b9e-9f1b-d1cc688eeaad): круто
[15:51:22] Fhavyre (uuid: 85136f24-357f-3898-ae13-0043e8d7a7be): е
[15:51:33] Fhavyre (uuid: 85136f24-357f-3898-ae13-0043e8d7a7be): е
[15:51:36] Fhavyre (uuid: 85136f24-357f-3898-ae13-0043e8d7a7be): еыв
[15:53:14] Fhavyre (uuid: 85136f24-357f-3898-ae13-0043e8d7a7be): fghghfg
[16:17:41] Fhavyre (uuid: 85136f24-357f-3898-ae13-0043e8d7a7be): t
[16:23:03] Zord (uuid: 9104dec6-73bd-3b9e-9f1b-d1cc688eeaad): t
[16:25:26] zLane (uuid: dc944dc7-8cc1-33c8-8ee0-6bde265c3408): оооо
[16:27:16] Fhavyre (uuid: 85136f24-357f-3898-ae13-0043e8d7a7be): Что ?
[16:27:25] zLane (uuid: dc944dc7-8cc1-33c8-8ee0-6bde265c3408): ничего
[16:27:30] zLane (uuid: dc944dc7-8cc1-33c8-8ee0-6bde265c3408): тп ко мне
[16:34:50] Fhavyre (uuid: 85136f24-357f-3898-ae13-0043e8d7a7be): t
[16:44:33] Fhavyre (uuid: 85136f24-357f-3898-ae13-0043e8d7a7be): Смотри
[16:45:29] zLane (uuid: dc944dc7-8cc1-33c8-8ee0-6bde265c3408): ?
[16:45:35] zLane (uuid: dc944dc7-8cc1-33c8-8ee0-6bde265c3408): аааа
[16:45:37] Fhavyre (uuid: 85136f24-357f-3898-ae13-0043e8d7a7be): все забей
[16:45:42] Fhavyre (uuid: 85136f24-357f-3898-ae13-0043e8d7a7be): не выйдет
[16:48:09] Fhavyre (uuid: 85136f24-357f-3898-ae13-0043e8d7a7be): Что делаешь ?
[16:48:17] zLane (uuid: dc944dc7-8cc1-33c8-8ee0-6bde265c3408): дом строю
[16:48:25] zLane (uuid: dc944dc7-8cc1-33c8-8ee0-6bde265c3408): больше же нечего делать
[16:53:23] Fhavyre (uuid: 85136f24-357f-3898-ae13-0043e8d7a7be): даня можешь перезайти ?
[20:10:37] zLane (uuid: dc944dc7-8cc1-33c8-8ee0-6bde265c3408): syrvival
[20:10:42] zLane (uuid: dc944dc7-8cc1-33c8-8ee0-6bde265c3408): survival
[20:18:03] Fhavyre (uuid: 85136f24-357f-3898-ae13-0043e8d7a7be): ./weather sun
[20:23:04] Fhavyre (uuid: 85136f24-357f-3898-ae13-0043e8d7a7be): ./mw goto survival
