[10:21:24] Fhavyre (uuid: 85136f24-357f-3898-ae13-0043e8d7a7be): t
[10:21:29] Fhavyre (uuid: 85136f24-357f-3898-ae13-0043e8d7a7be): t
[10:21:35] Fhavyre (uuid: 85136f24-357f-3898-ae13-0043e8d7a7be): t
[10:21:42] Fhavyre (uuid: 85136f24-357f-3898-ae13-0043e8d7a7be): t
[10:21:46] Fhavyre (uuid: 85136f24-357f-3898-ae13-0043e8d7a7be): t
[10:22:00] Fhavyre (uuid: 85136f24-357f-3898-ae13-0043e8d7a7be): t
[10:22:03] Fhavyre (uuid: 85136f24-357f-3898-ae13-0043e8d7a7be): csdg
[10:24:02] Fhavyre (uuid: 85136f24-357f-3898-ae13-0043e8d7a7be): t
[10:24:05] Fhavyre (uuid: 85136f24-357f-3898-ae13-0043e8d7a7be): tt
[10:25:12] Fhavyre (uuid: 85136f24-357f-3898-ae13-0043e8d7a7be): t
[10:25:25] Fhavyre (uuid: 85136f24-357f-3898-ae13-0043e8d7a7be): t
[10:25:31] Fhavyre (uuid: 85136f24-357f-3898-ae13-0043e8d7a7be): sdfsd
[10:25:37] Fhavyre (uuid: 85136f24-357f-3898-ae13-0043e8d7a7be): t
[10:25:57] Fhavyre (uuid: 85136f24-357f-3898-ae13-0043e8d7a7be): t
[10:26:11] Fhavyre (uuid: 85136f24-357f-3898-ae13-0043e8d7a7be): t
[10:26:16] Fhavyre (uuid: 85136f24-357f-3898-ae13-0043e8d7a7be): sdafsasdf
[11:54:46] Zord (uuid: 9104dec6-73bd-3b9e-9f1b-d1cc688eeaad): t
[11:55:58] Fhavyre (uuid: 85136f24-357f-3898-ae13-0043e8d7a7be): t
[11:56:08] Zord (uuid: 9104dec6-73bd-3b9e-9f1b-d1cc688eeaad): t
[12:17:17] Fhavyre (uuid: 85136f24-357f-3898-ae13-0043e8d7a7be): ads
[12:20:51] Fhavyre (uuid: 85136f24-357f-3898-ae13-0043e8d7a7be): t
[12:21:11] Fhavyre (uuid: 85136f24-357f-3898-ae13-0043e8d7a7be): t
[12:21:13] Fhavyre (uuid: 85136f24-357f-3898-ae13-0043e8d7a7be): asdsa
[12:21:25] Fhavyre (uuid: 85136f24-357f-3898-ae13-0043e8d7a7be): ttsadf
[12:21:44] Fhavyre (uuid: 85136f24-357f-3898-ae13-0043e8d7a7be): ttsadf
[12:21:52] Fhavyre (uuid: 85136f24-357f-3898-ae13-0043e8d7a7be): sdafasjf
[12:23:01] Zord (uuid: 9104dec6-73bd-3b9e-9f1b-d1cc688eeaad): t
[12:23:17] Zord (uuid: 9104dec6-73bd-3b9e-9f1b-d1cc688eeaad): t
[12:23:20] Fhavyre (uuid: 85136f24-357f-3898-ae13-0043e8d7a7be): sasd
[12:37:09] Zord (uuid: 9104dec6-73bd-3b9e-9f1b-d1cc688eeaad): t
[13:13:12] Fhavyre (uuid: 85136f24-357f-3898-ae13-0043e8d7a7be): tt
[13:14:15] Fhavyre (uuid: 85136f24-357f-3898-ae13-0043e8d7a7be): t
[13:14:20] Fhavyre (uuid: 85136f24-357f-3898-ae13-0043e8d7a7be): GOD
[13:14:58] Fhavyre (uuid: 85136f24-357f-3898-ae13-0043e8d7a7be): t
[13:43:13] Fhavyre (uuid: 85136f24-357f-3898-ae13-0043e8d7a7be): t
[13:52:56] Zord (uuid: 9104dec6-73bd-3b9e-9f1b-d1cc688eeaad): t
[14:57:40] Fhavyre (uuid: 85136f24-357f-3898-ae13-0043e8d7a7be): t
[15:32:25] Fhavyre (uuid: 85136f24-357f-3898-ae13-0043e8d7a7be): t
[15:32:25] Fhavyre (uuid: 85136f24-357f-3898-ae13-0043e8d7a7be): afas
[15:32:59] Fhavyre (uuid: 85136f24-357f-3898-ae13-0043e8d7a7be): t
[15:33:14] Fhavyre (uuid: 85136f24-357f-3898-ae13-0043e8d7a7be): t
[15:33:36] Fhavyre (uuid: 85136f24-357f-3898-ae13-0043e8d7a7be): sdgsdgsdgsdgsdg
[15:34:38] Fhavyre (uuid: 85136f24-357f-3898-ae13-0043e8d7a7be): t
