[01:44:23] zLane (uuid: dc944dc7-8cc1-33c8-8ee0-6bde265c3408): d
[09:55:12] Fhavyre (uuid: 85136f24-357f-3898-ae13-0043e8d7a7be): carrots
[10:02:54] Fhavyre (uuid: 85136f24-357f-3898-ae13-0043e8d7a7be): people love sentences
[10:04:34] Fhavyre (uuid: 85136f24-357f-3898-ae13-0043e8d7a7be): hi this is a sentence
[10:06:27] Fhavyre (uuid: 85136f24-357f-3898-ae13-0043e8d7a7be): minecraft
[10:06:55] Fhavyre (uuid: 85136f24-357f-3898-ae13-0043e8d7a7be): minecraft
[10:07:26] Fhavyre (uuid: 85136f24-357f-3898-ae13-0043e8d7a7be): minecraft
[10:08:06] Fhavyre (uuid: 85136f24-357f-3898-ae13-0043e8d7a7be): minecraft
[10:09:47] Fhavyre (uuid: 85136f24-357f-3898-ae13-0043e8d7a7be): minecraft
[10:10:43] Fhavyre (uuid: 85136f24-357f-3898-ae13-0043e8d7a7be): lfying
[10:10:53] Fhavyre (uuid: 85136f24-357f-3898-ae13-0043e8d7a7be): flying
[10:11:00] Fhavyre (uuid: 85136f24-357f-3898-ae13-0043e8d7a7be): pig
[10:11:08] Fhavyre (uuid: 85136f24-357f-3898-ae13-0043e8d7a7be): minecraft
[10:11:29] Fhavyre (uuid: 85136f24-357f-3898-ae13-0043e8d7a7be): i love this server
[11:38:22] Fhavyre (uuid: 85136f24-357f-3898-ae13-0043e8d7a7be): minecraft
[11:41:16] Fhavyre (uuid: 85136f24-357f-3898-ae13-0043e8d7a7be): t
[11:50:23] Fhavyre (uuid: 85136f24-357f-3898-ae13-0043e8d7a7be): Привет
[11:50:29] zLane (uuid: dc944dc7-8cc1-33c8-8ee0-6bde265c3408): ку
[11:50:29] Fhavyre (uuid: 85136f24-357f-3898-ae13-0043e8d7a7be): pig
[11:50:45] Fhavyre (uuid: 85136f24-357f-3898-ae13-0043e8d7a7be): Сообщения в чате
[11:50:48] Fhavyre (uuid: 85136f24-357f-3898-ae13-0043e8d7a7be): игру добавил
[11:50:54] Fhavyre (uuid: 85136f24-357f-3898-ae13-0043e8d7a7be): и меню переделываю смотри
[11:51:05] Fhavyre (uuid: 85136f24-357f-3898-ae13-0043e8d7a7be): i love this server
[11:51:18] Fhavyre (uuid: 85136f24-357f-3898-ae13-0043e8d7a7be): Кликни по сообщению в чате
[11:52:05] Fhavyre (uuid: 85136f24-357f-3898-ae13-0043e8d7a7be): i love this server
[11:52:15] zLane (uuid: dc944dc7-8cc1-33c8-8ee0-6bde265c3408): pig
[11:52:33] Fhavyre (uuid: 85136f24-357f-3898-ae13-0043e8d7a7be): вот нажми на сообщение
[11:52:45] Fhavyre (uuid: 85136f24-357f-3898-ae13-0043e8d7a7be): Красава
[11:52:51] Fhavyre (uuid: 85136f24-357f-3898-ae13-0043e8d7a7be): И меню переделываю
[11:53:19] zLane (uuid: dc944dc7-8cc1-33c8-8ee0-6bde265c3408): кртуо)
[11:53:22] zLane (uuid: dc944dc7-8cc1-33c8-8ee0-6bde265c3408): круто)
[11:53:27] zLane (uuid: dc944dc7-8cc1-33c8-8ee0-6bde265c3408): я кстати тебе звонил
[11:53:32] zLane (uuid: dc944dc7-8cc1-33c8-8ee0-6bde265c3408): чего не ответил то
[11:54:15] Fhavyre (uuid: 85136f24-357f-3898-ae13-0043e8d7a7be): я увидел сообщение уже часа через 2
[11:54:19] Fhavyre (uuid: 85136f24-357f-3898-ae13-0043e8d7a7be): Звонок*
[11:55:44] Fhavyre (uuid: 85136f24-357f-3898-ae13-0043e8d7a7be): Бля что можно в последнюю ячейку вставить ?
[11:56:03] zLane (uuid: dc944dc7-8cc1-33c8-8ee0-6bde265c3408): сюда
[11:56:06] zLane (uuid: dc944dc7-8cc1-33c8-8ee0-6bde265c3408): ?
[11:56:54] Fhavyre (uuid: 85136f24-357f-3898-ae13-0043e8d7a7be): что сюда ?
[11:57:35] zLane (uuid: dc944dc7-8cc1-33c8-8ee0-6bde265c3408): я хотел хуй написать
[11:57:41] Fhavyre (uuid: 85136f24-357f-3898-ae13-0043e8d7a7be): я понял
[11:57:44] zLane (uuid: dc944dc7-8cc1-33c8-8ee0-6bde265c3408): но места мало
[11:58:45] zLane (uuid: dc944dc7-8cc1-33c8-8ee0-6bde265c3408): оооо
[11:58:56] zLane (uuid: dc944dc7-8cc1-33c8-8ee0-6bde265c3408): давай в полсденюю ячейку город
[11:59:08] Fhavyre (uuid: 85136f24-357f-3898-ae13-0043e8d7a7be): давай
[11:59:11] Fhavyre (uuid: 85136f24-357f-3898-ae13-0043e8d7a7be): тп в город 7
[11:59:14] zLane (uuid: dc944dc7-8cc1-33c8-8ee0-6bde265c3408): и может лучше скачать город
[11:59:22] zLane (uuid: dc944dc7-8cc1-33c8-8ee0-6bde265c3408): а то я заебусь
[11:59:27] zLane (uuid: dc944dc7-8cc1-33c8-8ee0-6bde265c3408): целый городъ
[12:00:34] Fhavyre (uuid: 85136f24-357f-3898-ae13-0043e8d7a7be): тп в город 7
[12:01:20] Fhavyre (uuid: 85136f24-357f-3898-ae13-0043e8d7a7be): Dct
[12:01:23] Fhavyre (uuid: 85136f24-357f-3898-ae13-0043e8d7a7be): Все
[12:01:29] Fhavyre (uuid: 85136f24-357f-3898-ae13-0043e8d7a7be): так теперь меню донатеров
[12:05:18] Fhavyre (uuid: 85136f24-357f-3898-ae13-0043e8d7a7be): Найти город
[12:05:24] Fhavyre (uuid: 85136f24-357f-3898-ae13-0043e8d7a7be): В картах
[12:05:27] Fhavyre (uuid: 85136f24-357f-3898-ae13-0043e8d7a7be): сделаем
[12:05:32] zLane (uuid: dc944dc7-8cc1-33c8-8ee0-6bde265c3408): ок
[12:05:35] Fhavyre (uuid: 85136f24-357f-3898-ae13-0043e8d7a7be): Ток не оч большой
[12:16:38] zLane (uuid: dc944dc7-8cc1-33c8-8ee0-6bde265c3408): чувак
[12:16:43] zLane (uuid: dc944dc7-8cc1-33c8-8ee0-6bde265c3408): я тут выбрал пару
[12:16:47] zLane (uuid: dc944dc7-8cc1-33c8-8ee0-6bde265c3408): куда тебе кинуть
[12:16:58] zLane (uuid: dc944dc7-8cc1-33c8-8ee0-6bde265c3408): ссылки
[12:23:47] Fhavyre (uuid: 85136f24-357f-3898-ae13-0043e8d7a7be): е меню готово
[12:51:27] Fhavyre (uuid: 85136f24-357f-3898-ae13-0043e8d7a7be): Нашел что-то ?
[12:51:36] zLane (uuid: dc944dc7-8cc1-33c8-8ee0-6bde265c3408): я тебе в вайбере кинул
[12:52:35] Fhavyre (uuid: 85136f24-357f-3898-ae13-0043e8d7a7be): а вк можно или телеграмме
[12:52:50] zLane (uuid: dc944dc7-8cc1-33c8-8ee0-6bde265c3408): в вк
[12:58:43] Fhavyre (uuid: 85136f24-357f-3898-ae13-0043e8d7a7be): Карта механических ворот ?
[12:58:48] zLane (uuid: dc944dc7-8cc1-33c8-8ee0-6bde265c3408): эт мне)
[12:58:58] zLane (uuid: dc944dc7-8cc1-33c8-8ee0-6bde265c3408): ну и замку
[13:06:10] Fhavyre (uuid: 85136f24-357f-3898-ae13-0043e8d7a7be): БЛЯ
[13:06:17] Fhavyre (uuid: 85136f24-357f-3898-ae13-0043e8d7a7be): одел и удалил
[13:09:02] Fhavyre (uuid: 85136f24-357f-3898-ae13-0043e8d7a7be): Даня у тебя дождь идет ?
[13:09:16] zLane (uuid: dc944dc7-8cc1-33c8-8ee0-6bde265c3408): как тебе дом?
[13:09:31] Fhavyre (uuid: 85136f24-357f-3898-ae13-0043e8d7a7be): Даня у тебя дождь идет ?
[13:09:37] Fhavyre (uuid: 85136f24-357f-3898-ae13-0043e8d7a7be): yjhv ljv
[13:09:43] Fhavyre (uuid: 85136f24-357f-3898-ae13-0043e8d7a7be): норм дмом
[13:09:43] zLane (uuid: dc944dc7-8cc1-33c8-8ee0-6bde265c3408): да
[13:10:03] Fhavyre (uuid: 85136f24-357f-3898-ae13-0043e8d7a7be): а сейчас ?
[13:10:15] zLane (uuid: dc944dc7-8cc1-33c8-8ee0-6bde265c3408): нет
[13:12:10] Fhavyre (uuid: 85136f24-357f-3898-ae13-0043e8d7a7be): как меню 7
[13:12:42] zLane (uuid: dc944dc7-8cc1-33c8-8ee0-6bde265c3408): красава
[13:12:47] zLane (uuid: dc944dc7-8cc1-33c8-8ee0-6bde265c3408): для ленивых)
[13:13:04] zLane (uuid: dc944dc7-8cc1-33c8-8ee0-6bde265c3408): так город скачал?
[13:17:23] Fhavyre (uuid: 85136f24-357f-3898-ae13-0043e8d7a7be): Не еще не скачивал
[13:43:03] Fhavyre (uuid: 85136f24-357f-3898-ae13-0043e8d7a7be): i love this server
[13:46:53] Fhavyre (uuid: 85136f24-357f-3898-ae13-0043e8d7a7be): Задрот
[13:46:58] zLane (uuid: dc944dc7-8cc1-33c8-8ee0-6bde265c3408): ахахаах
[13:47:02] Fhavyre (uuid: 85136f24-357f-3898-ae13-0043e8d7a7be): Механический
[13:47:14] zLane (uuid: dc944dc7-8cc1-33c8-8ee0-6bde265c3408): та тут мало механизмов
[13:47:26] Fhavyre (uuid: 85136f24-357f-3898-ae13-0043e8d7a7be): Давай сделаем механический дом
[13:47:42] zLane (uuid: dc944dc7-8cc1-33c8-8ee0-6bde265c3408): рабоатает
[13:47:50] zLane (uuid: dc944dc7-8cc1-33c8-8ee0-6bde265c3408): он закрывает путь на 2 этаж
[13:47:51] Fhavyre (uuid: 85136f24-357f-3898-ae13-0043e8d7a7be): RNj
[13:48:02] Fhavyre (uuid: 85136f24-357f-3898-ae13-0043e8d7a7be): Где
[13:48:14] zLane (uuid: dc944dc7-8cc1-33c8-8ee0-6bde265c3408): вот
[13:50:17] Fhavyre (uuid: 85136f24-357f-3898-ae13-0043e8d7a7be): i love this server
[13:50:35] Fhavyre (uuid: 85136f24-357f-3898-ae13-0043e8d7a7be): Изи мани
[13:50:43] zLane (uuid: dc944dc7-8cc1-33c8-8ee0-6bde265c3408): ахахах
[13:52:04] Fhavyre (uuid: 85136f24-357f-3898-ae13-0043e8d7a7be): Нам нужно будет самим город строит ь
[13:52:09] zLane (uuid: dc944dc7-8cc1-33c8-8ee0-6bde265c3408): чего
[13:52:47] Fhavyre (uuid: 85136f24-357f-3898-ae13-0043e8d7a7be): потому что нам нужно будет их продавать и арендавать
[13:52:55] Fhavyre (uuid: 85136f24-357f-3898-ae13-0043e8d7a7be): а в картам херовое расположение
[13:53:05] Demon666 (uuid: a6856c08-fecf-30ba-b541-6782e643be4a): ПРив
[13:53:08] Demon666 (uuid: a6856c08-fecf-30ba-b541-6782e643be4a): прив
[13:53:11] Demon666 (uuid: a6856c08-fecf-30ba-b541-6782e643be4a): прив
[13:53:13] Demon666 (uuid: a6856c08-fecf-30ba-b541-6782e643be4a): прив
[13:53:17] Demon666 (uuid: a6856c08-fecf-30ba-b541-6782e643be4a): привет
[13:53:18] zLane (uuid: dc944dc7-8cc1-33c8-8ee0-6bde265c3408): re
[13:53:20] zLane (uuid: dc944dc7-8cc1-33c8-8ee0-6bde265c3408): ку
[13:53:22] Fhavyre (uuid: 85136f24-357f-3898-ae13-0043e8d7a7be): заебемся в приватом
[13:53:25] Fhavyre (uuid: 85136f24-357f-3898-ae13-0043e8d7a7be): Привет
[13:53:36] Fhavyre (uuid: 85136f24-357f-3898-ae13-0043e8d7a7be): дань он тебя не видет
[13:53:39] zLane (uuid: dc944dc7-8cc1-33c8-8ee0-6bde265c3408): о окно ахахаха
[13:53:50] zLane (uuid: dc944dc7-8cc1-33c8-8ee0-6bde265c3408): тп ко мне
[13:53:54] Demon666 (uuid: a6856c08-fecf-30ba-b541-6782e643be4a): а кто создатетель
[13:54:01] Fhavyre (uuid: 85136f24-357f-3898-ae13-0043e8d7a7be): мы
[13:54:16] Demon666 (uuid: a6856c08-fecf-30ba-b541-6782e643be4a): а можно быть билдером пж
[13:54:25] Fhavyre (uuid: 85136f24-357f-3898-ae13-0043e8d7a7be): 2ому пиши
[13:54:30] Fhavyre (uuid: 85136f24-357f-3898-ae13-0043e8d7a7be): Он строитель
[13:54:39] Fhavyre (uuid: 85136f24-357f-3898-ae13-0043e8d7a7be): Даня тут к тебе в строители хотят
[13:55:00] Demon666 (uuid: a6856c08-fecf-30ba-b541-6782e643be4a): можно я буду билдером
[13:55:00] Fhavyre (uuid: 85136f24-357f-3898-ae13-0043e8d7a7be):  Ставь перед сообщениями !
[13:55:08] zLane (uuid: dc944dc7-8cc1-33c8-8ee0-6bde265c3408): spawn
[13:55:10] Demon666 (uuid: a6856c08-fecf-30ba-b541-6782e643be4a): я поставил
[13:55:38] zLane (uuid: dc944dc7-8cc1-33c8-8ee0-6bde265c3408): строить умеешь?
[13:55:49] Demon666 (uuid: a6856c08-fecf-30ba-b541-6782e643be4a): да красиво
[13:56:04] Fhavyre (uuid: 85136f24-357f-3898-ae13-0043e8d7a7be): Даня он твой
[13:56:06] Demon666 (uuid: a6856c08-fecf-30ba-b541-6782e643be4a): могу дом красивый построить
[13:56:09] zLane (uuid: dc944dc7-8cc1-33c8-8ee0-6bde265c3408): ну давай даю креат и ты строишь
[13:56:16] Demon666 (uuid: a6856c08-fecf-30ba-b541-6782e643be4a): ок
[13:56:17] zLane (uuid: dc944dc7-8cc1-33c8-8ee0-6bde265c3408): и я его оцениваю
[13:56:36] zLane (uuid: dc944dc7-8cc1-33c8-8ee0-6bde265c3408): если он понравится в дальнейшем можешь стать помошником
[13:56:44] Demon666 (uuid: a6856c08-fecf-30ba-b541-6782e643be4a): ок
[13:57:02] zLane (uuid: dc944dc7-8cc1-33c8-8ee0-6bde265c3408): секунду
[13:57:11] Demon666 (uuid: a6856c08-fecf-30ba-b541-6782e643be4a): хорошо
[13:57:11] Fhavyre (uuid: 85136f24-357f-3898-ae13-0043e8d7a7be): могу хелпера дать ему ....
[13:57:25] zLane (uuid: dc944dc7-8cc1-33c8-8ee0-6bde265c3408): не
[13:57:37] zLane (uuid: dc944dc7-8cc1-33c8-8ee0-6bde265c3408): Кира почему почему у меня не работате ап
[13:57:45] Fhavyre (uuid: 85136f24-357f-3898-ae13-0043e8d7a7be): pig
[13:57:52] Demon666 (uuid: a6856c08-fecf-30ba-b541-6782e643be4a): вам нужны билдеры
[13:57:55] Fhavyre (uuid: 85136f24-357f-3898-ae13-0043e8d7a7be): А как ты нас нашел
[13:58:09] Demon666 (uuid: a6856c08-fecf-30ba-b541-6782e643be4a): я на хостинге нахшел
[13:58:12] Demon666 (uuid: a6856c08-fecf-30ba-b541-6782e643be4a): нашел
[13:58:14] Demon666 (uuid: a6856c08-fecf-30ba-b541-6782e643be4a): нашел
[13:58:16] Demon666 (uuid: a6856c08-fecf-30ba-b541-6782e643be4a): нашел
[13:58:27] Demon666 (uuid: a6856c08-fecf-30ba-b541-6782e643be4a): по хостинг zerotex
[13:58:33] Fhavyre (uuid: 85136f24-357f-3898-ae13-0043e8d7a7be): Понял спасибо
[13:58:47] Fhavyre (uuid: 85136f24-357f-3898-ae13-0043e8d7a7be): Даня я дал
[13:58:51] Fhavyre (uuid: 85136f24-357f-3898-ae13-0043e8d7a7be): а то ты долгий
[13:58:58] zLane (uuid: dc944dc7-8cc1-33c8-8ee0-6bde265c3408): чувак
[13:59:01] Fhavyre (uuid: 85136f24-357f-3898-ae13-0043e8d7a7be): в сюрвайвел иди
[13:59:04] zLane (uuid: dc944dc7-8cc1-33c8-8ee0-6bde265c3408): у меня команды не работатют
[13:59:08] Demon666 (uuid: a6856c08-fecf-30ba-b541-6782e643be4a): что я строить
[13:59:14] Fhavyre (uuid: 85136f24-357f-3898-ae13-0043e8d7a7be): ./gm 1 Demon666
[13:59:18] zLane (uuid: dc944dc7-8cc1-33c8-8ee0-6bde265c3408): дом
[13:59:23] zLane (uuid: dc944dc7-8cc1-33c8-8ee0-6bde265c3408): дом
[13:59:33] Demon666 (uuid: a6856c08-fecf-30ba-b541-6782e643be4a):  ну дом
[13:59:50] Fhavyre (uuid: 85136f24-357f-3898-ae13-0043e8d7a7be): В этом мире
[13:59:51] zLane (uuid: dc944dc7-8cc1-33c8-8ee0-6bde265c3408): давай в стиле хайтек
[13:59:57] zLane (uuid: dc944dc7-8cc1-33c8-8ee0-6bde265c3408): либо модерн
[14:00:40] Demon666 (uuid: a6856c08-fecf-30ba-b541-6782e643be4a): а криатив веннёте
[14:00:48] Demon666 (uuid: a6856c08-fecf-30ba-b541-6782e643be4a): вернете
[14:01:10] Fhavyre (uuid: 85136f24-357f-3898-ae13-0043e8d7a7be): Demon666 В пн Открытие Официально народу будет более 100
[14:01:24] Fhavyre (uuid: 85136f24-357f-3898-ae13-0043e8d7a7be): к тому времени можешь стать и модером и тд
[14:01:32] Demon666 (uuid: a6856c08-fecf-30ba-b541-6782e643be4a): ясно
[14:02:24] zLane (uuid: dc944dc7-8cc1-33c8-8ee0-6bde265c3408): Кирилл блять
[14:02:28] Fhavyre (uuid: 85136f24-357f-3898-ae13-0043e8d7a7be): Что ?
[14:02:39] zLane (uuid: dc944dc7-8cc1-33c8-8ee0-6bde265c3408): почему у меня не рабоатет админ меню
[14:02:45] Fhavyre (uuid: 85136f24-357f-3898-ae13-0043e8d7a7be): Я сломал
[14:02:49] Fhavyre (uuid: 85136f24-357f-3898-ae13-0043e8d7a7be): Команды пиши
[14:02:57] Demon666 (uuid: a6856c08-fecf-30ba-b541-6782e643be4a): пропиши //set 2
[14:03:25] zLane (uuid: dc944dc7-8cc1-33c8-8ee0-6bde265c3408): мне лень писать их
[14:03:30] Fhavyre (uuid: 85136f24-357f-3898-ae13-0043e8d7a7be): Не стройте на ровной територии лучше на дефолтной поверхности
[14:03:43] Fhavyre (uuid: 85136f24-357f-3898-ae13-0043e8d7a7be): а мне рестартнуть тогда нужно
[14:03:51] Demon666 (uuid: a6856c08-fecf-30ba-b541-6782e643be4a): мне просто так привычно
[14:04:18] Fhavyre (uuid: 85136f24-357f-3898-ae13-0043e8d7a7be): 30 сек перезагрузка
[14:06:13] zLane (uuid: dc944dc7-8cc1-33c8-8ee0-6bde265c3408): minecraft
[14:06:29] zLane (uuid: dc944dc7-8cc1-33c8-8ee0-6bde265c3408): pig
[14:06:43] Fhavyre (uuid: 85136f24-357f-3898-ae13-0043e8d7a7be): Нажми на сообщение
[14:06:45] Fhavyre (uuid: 85136f24-357f-3898-ae13-0043e8d7a7be): еще
[14:07:03] zLane (uuid: dc944dc7-8cc1-33c8-8ee0-6bde265c3408): i love this server
[14:07:11] Fhavyre (uuid: 85136f24-357f-3898-ae13-0043e8d7a7be): minecraft
[14:07:17] Fhavyre (uuid: 85136f24-357f-3898-ae13-0043e8d7a7be): minecraft
[14:07:22] Fhavyre (uuid: 85136f24-357f-3898-ae13-0043e8d7a7be): pig
[14:07:26] Fhavyre (uuid: 85136f24-357f-3898-ae13-0043e8d7a7be): ААХАХХАХАХА
[14:07:37] zLane (uuid: dc944dc7-8cc1-33c8-8ee0-6bde265c3408): i love this server
[14:07:41] Fhavyre (uuid: 85136f24-357f-3898-ae13-0043e8d7a7be): 5к уже наформил
[14:07:46] zLane (uuid: dc944dc7-8cc1-33c8-8ee0-6bde265c3408): flying
[14:07:50] Fhavyre (uuid: 85136f24-357f-3898-ae13-0043e8d7a7be): зшп
[14:07:52] Fhavyre (uuid: 85136f24-357f-3898-ae13-0043e8d7a7be): pig
[14:07:52] zLane (uuid: dc944dc7-8cc1-33c8-8ee0-6bde265c3408): pig
[14:07:55] zLane (uuid: dc944dc7-8cc1-33c8-8ee0-6bde265c3408): pig
[14:08:01] zLane (uuid: dc944dc7-8cc1-33c8-8ee0-6bde265c3408): pig
[14:08:02] Fhavyre (uuid: 85136f24-357f-3898-ae13-0043e8d7a7be): pig
[14:08:07] Fhavyre (uuid: 85136f24-357f-3898-ae13-0043e8d7a7be): pig
[14:08:08] zLane (uuid: dc944dc7-8cc1-33c8-8ee0-6bde265c3408): pig
[14:08:23] zLane (uuid: dc944dc7-8cc1-33c8-8ee0-6bde265c3408): ахахаахх
[14:08:23] Fhavyre (uuid: 85136f24-357f-3898-ae13-0043e8d7a7be): Все иди нахер Даня
[14:10:04] Fhavyre (uuid: 85136f24-357f-3898-ae13-0043e8d7a7be): Идиот
[14:10:07] Demon666 (uuid: a6856c08-fecf-30ba-b541-6782e643be4a): я щяс приду я афк на 2 мин
[14:10:24] zLane (uuid: dc944dc7-8cc1-33c8-8ee0-6bde265c3408): он видит наши сообщения?
[14:10:34] Fhavyre (uuid: 85136f24-357f-3898-ae13-0043e8d7a7be): какие ?
[14:10:38] zLane (uuid: dc944dc7-8cc1-33c8-8ee0-6bde265c3408): эти блять
[14:11:15] Demon666 (uuid: a6856c08-fecf-30ba-b541-6782e643be4a): просто домофон звонили
[14:14:01] Fhavyre (uuid: 85136f24-357f-3898-ae13-0043e8d7a7be): мЕНЯ ВИДНО ?
[14:14:07] Demon666 (uuid: a6856c08-fecf-30ba-b541-6782e643be4a): да
[14:16:02] Fhavyre (uuid: 85136f24-357f-3898-ae13-0043e8d7a7be): О ЕГО НЕТ
[14:16:36] zLane (uuid: dc944dc7-8cc1-33c8-8ee0-6bde265c3408): ладно чувак я пошел на трешу к малым
[14:16:55] Fhavyre (uuid: 85136f24-357f-3898-ae13-0043e8d7a7be): ДАвай
[14:18:59] Demon666 (uuid: a6856c08-fecf-30ba-b541-6782e643be4a): сори инет вылетил
[14:20:16] Demon666 (uuid: a6856c08-fecf-30ba-b541-6782e643be4a): сори инет вылетил
[14:23:02] Fhavyre (uuid: 85136f24-357f-3898-ae13-0043e8d7a7be): а не сильно он коробкой ?
[14:23:22] Demon666 (uuid: a6856c08-fecf-30ba-b541-6782e643be4a): это будет не будет коробкой
[14:27:25] Fhavyre (uuid: 85136f24-357f-3898-ae13-0043e8d7a7be): gm 1
[14:29:45] Fhavyre (uuid: 85136f24-357f-3898-ae13-0043e8d7a7be): Сколько тебе лет ?
[14:29:48] Demon666 (uuid: a6856c08-fecf-30ba-b541-6782e643be4a): 14
[14:31:24] Demon666 (uuid: a6856c08-fecf-30ba-b541-6782e643be4a): как то так
[14:31:40] Fhavyre (uuid: 85136f24-357f-3898-ae13-0043e8d7a7be): Укрась в нутри
[14:31:46] Demon666 (uuid: a6856c08-fecf-30ba-b541-6782e643be4a): ок
[14:32:18] Fhavyre (uuid: 85136f24-357f-3898-ae13-0043e8d7a7be): Vj;tim gjqnb yf cgfdyt jnrhsnm
[14:32:27] Fhavyre (uuid: 85136f24-357f-3898-ae13-0043e8d7a7be): Можешь пойти на спавне открыть
[14:34:12] Demon666 (uuid: a6856c08-fecf-30ba-b541-6782e643be4a): ну вот как-то так
[14:40:55] Demon666 (uuid: a6856c08-fecf-30ba-b541-6782e643be4a): 1
[14:42:20] Fhavyre (uuid: 85136f24-357f-3898-ae13-0043e8d7a7be): Что ?
[14:42:33] Demon666 (uuid: a6856c08-fecf-30ba-b541-6782e643be4a): КАК ТО ТОК я сделал
[14:42:38] Demon666 (uuid: a6856c08-fecf-30ba-b541-6782e643be4a): построил
[14:43:01] Fhavyre (uuid: 85136f24-357f-3898-ae13-0043e8d7a7be): Вроде бы норм
[14:43:20] Fhavyre (uuid: 85136f24-357f-3898-ae13-0043e8d7a7be): Пойди кейсы открой
[14:43:25] Fhavyre (uuid: 85136f24-357f-3898-ae13-0043e8d7a7be): я тебе дал ключи
[14:43:25] Demon666 (uuid: a6856c08-fecf-30ba-b541-6782e643be4a): я мог намного лучше но у меня че то с инетом
[14:43:53] Fhavyre (uuid: 85136f24-357f-3898-ae13-0043e8d7a7be): rk.xb d bydtynfht
[14:43:58] Demon666 (uuid: a6856c08-fecf-30ba-b541-6782e643be4a): у меня нет ключа
[14:43:58] Fhavyre (uuid: 85136f24-357f-3898-ae13-0043e8d7a7be): Ключи в инвенторе
[14:44:07] Fhavyre (uuid: 85136f24-357f-3898-ae13-0043e8d7a7be): я давай
[14:44:10] Fhavyre (uuid: 85136f24-357f-3898-ae13-0043e8d7a7be): я давал
[14:44:19] Demon666 (uuid: a6856c08-fecf-30ba-b541-6782e643be4a): у меня нет
[14:44:34] Demon666 (uuid: a6856c08-fecf-30ba-b541-6782e643be4a): 1
[14:44:40] Fhavyre (uuid: 85136f24-357f-3898-ae13-0043e8d7a7be): 2
[14:44:42] Fhavyre (uuid: 85136f24-357f-3898-ae13-0043e8d7a7be): 5
[14:44:45] Fhavyre (uuid: 85136f24-357f-3898-ae13-0043e8d7a7be): я дал
[14:44:53] Demon666 (uuid: a6856c08-fecf-30ba-b541-6782e643be4a): я вижу
[14:45:10] Demon666 (uuid: a6856c08-fecf-30ba-b541-6782e643be4a): 1
[14:45:14] Fhavyre (uuid: 85136f24-357f-3898-ae13-0043e8d7a7be): что 1
[14:45:23] Demon666 (uuid: a6856c08-fecf-30ba-b541-6782e643be4a): я просто так проверяю
[14:45:27] Demon666 (uuid: a6856c08-fecf-30ba-b541-6782e643be4a): мне выпал вип
[14:45:30] Fhavyre (uuid: 85136f24-357f-3898-ae13-0043e8d7a7be): а понял
[14:45:30] Demon666 (uuid: a6856c08-fecf-30ba-b541-6782e643be4a): мне выпал вип
[14:45:34] Fhavyre (uuid: 85136f24-357f-3898-ae13-0043e8d7a7be): вижу
[14:45:35] Demon666 (uuid: a6856c08-fecf-30ba-b541-6782e643be4a): неееееееетттттт
[14:45:41] Fhavyre (uuid: 85136f24-357f-3898-ae13-0043e8d7a7be): что ?
[14:45:55] Demon666 (uuid: a6856c08-fecf-30ba-b541-6782e643be4a): я вип почему
[14:46:03] Fhavyre (uuid: 85136f24-357f-3898-ae13-0043e8d7a7be): а что не так
[14:46:09] Demon666 (uuid: a6856c08-fecf-30ba-b541-6782e643be4a): я в кейс донатах любой донат выпадает
[14:46:20] Fhavyre (uuid: 85136f24-357f-3898-ae13-0043e8d7a7be): да
[14:46:30] Fhavyre (uuid: 85136f24-357f-3898-ae13-0043e8d7a7be): лкм по кейсу
[14:46:32] Demon666 (uuid: a6856c08-fecf-30ba-b541-6782e643be4a): можно еще
[14:46:35] Demon666 (uuid: a6856c08-fecf-30ba-b541-6782e643be4a): пж
[14:46:35] Fhavyre (uuid: 85136f24-357f-3898-ae13-0043e8d7a7be): что выпадает посмотреть
[14:46:41] Demon666 (uuid: a6856c08-fecf-30ba-b541-6782e643be4a): пж
[14:47:00] Demon666 (uuid: a6856c08-fecf-30ba-b541-6782e643be4a): модер выпал
[14:47:31] Demon666 (uuid: a6856c08-fecf-30ba-b541-6782e643be4a): я попробую чтобы выпал onwer
[14:47:56] Fhavyre (uuid: 85136f24-357f-3898-ae13-0043e8d7a7be): пробуй
[14:48:50] Demon666 (uuid: a6856c08-fecf-30ba-b541-6782e643be4a): боюсь жать у меня осталься один ключ
[14:49:05] Fhavyre (uuid: 85136f24-357f-3898-ae13-0043e8d7a7be): ну ты предпоследнюю уже выбил
[14:49:18] Demon666 (uuid: a6856c08-fecf-30ba-b541-6782e643be4a): я понел
[14:49:21] Demon666 (uuid: a6856c08-fecf-30ba-b541-6782e643be4a): жать
[14:49:24] Demon666 (uuid: a6856c08-fecf-30ba-b541-6782e643be4a): жать
[14:49:28] Fhavyre (uuid: 85136f24-357f-3898-ae13-0043e8d7a7be): ТЫ посмотрел какие есть ?
[14:49:36] Demon666 (uuid: a6856c08-fecf-30ba-b541-6782e643be4a): или не жать
[14:50:00] Fhavyre (uuid: 85136f24-357f-3898-ae13-0043e8d7a7be): )
[14:50:09] Demon666 (uuid: a6856c08-fecf-30ba-b541-6782e643be4a): мне про
[14:51:34] Demon666 (uuid: a6856c08-fecf-30ba-b541-6782e643be4a): 1
[14:52:52] Demon666 (uuid: a6856c08-fecf-30ba-b541-6782e643be4a): а в донате кейсе может выпасть консоль
[14:53:12] Fhavyre (uuid: 85136f24-357f-3898-ae13-0043e8d7a7be): ЛКМ ПО кейсу там видно что может выпасть
[14:53:41] Demon666 (uuid: a6856c08-fecf-30ba-b541-6782e643be4a): все понел
[14:53:57] Demon666 (uuid: a6856c08-fecf-30ba-b541-6782e643be4a): лучше оставил гл админа
[14:54:03] Demon666 (uuid: a6856c08-fecf-30ba-b541-6782e643be4a): который мне выпал
[14:54:04] Fhavyre (uuid: 85136f24-357f-3898-ae13-0043e8d7a7be): ST
[14:54:34] Demon666 (uuid: a6856c08-fecf-30ba-b541-6782e643be4a): ой ST admin
[14:56:03] Demon666 (uuid: a6856c08-fecf-30ba-b541-6782e643be4a): а можно еще
[14:56:30] Fhavyre (uuid: 85136f24-357f-3898-ae13-0043e8d7a7be): Открытие перенеслось на вт
[14:56:45] Demon666 (uuid: a6856c08-fecf-30ba-b541-6782e643be4a): ок
[14:56:48] Fhavyre (uuid: 85136f24-357f-3898-ae13-0043e8d7a7be): Если ты построешь город нам , а я там тебе то что ты выиграл
[14:56:52] Fhavyre (uuid: 85136f24-357f-3898-ae13-0043e8d7a7be): Ст админ
[14:56:58] Fhavyre (uuid: 85136f24-357f-3898-ae13-0043e8d7a7be): ну оставлю бесплатно
[14:57:23] Demon666 (uuid: a6856c08-fecf-30ba-b541-6782e643be4a): а можно быть ваши помощником или билдером или хелпером
[14:58:08] Fhavyre (uuid: 85136f24-357f-3898-ae13-0043e8d7a7be): так 7
[14:58:25] Demon666 (uuid: a6856c08-fecf-30ba-b541-6782e643be4a): что
[14:58:29] Demon666 (uuid: a6856c08-fecf-30ba-b541-6782e643be4a): о спс
[14:58:32] Demon666 (uuid: a6856c08-fecf-30ba-b541-6782e643be4a): о спс
[14:58:43] Demon666 (uuid: a6856c08-fecf-30ba-b541-6782e643be4a): а что хелпер может
[14:58:47] Fhavyre (uuid: 85136f24-357f-3898-ae13-0043e8d7a7be): Эта привилегия не продаетсья
[14:58:52] Demon666 (uuid: a6856c08-fecf-30ba-b541-6782e643be4a): ясно
[14:58:58] Demon666 (uuid: a6856c08-fecf-30ba-b541-6782e643be4a): мне все доступно
[14:59:07] Fhavyre (uuid: 85136f24-357f-3898-ae13-0043e8d7a7be): вроде бы все до модера
[14:59:21] Fhavyre (uuid: 85136f24-357f-3898-ae13-0043e8d7a7be): Да
[14:59:26] Fhavyre (uuid: 85136f24-357f-3898-ae13-0043e8d7a7be): так и есть
[15:00:18] Demon666 (uuid: a6856c08-fecf-30ba-b541-6782e643be4a): 1
[15:00:40] Demon666 (uuid: a6856c08-fecf-30ba-b541-6782e643be4a):  а че сервер подлагивает
[15:00:55] Fhavyre (uuid: 85136f24-357f-3898-ae13-0043e8d7a7be): Это я чанки прогрезил
[15:01:05] Fhavyre (uuid: 85136f24-357f-3898-ae13-0043e8d7a7be): потому что пока мало памяти к открытию докупать будем
[15:01:06] Demon666 (uuid: a6856c08-fecf-30ba-b541-6782e643be4a): а почему я не могу тп и телепортировать к сбе
[15:01:11] Demon666 (uuid: a6856c08-fecf-30ba-b541-6782e643be4a): а почему я не могу тп и телепортировать к себе
[15:01:16] Demon666 (uuid: a6856c08-fecf-30ba-b541-6782e643be4a): а почему я не могу тп и телепортировать к себе
[15:01:22] Fhavyre (uuid: 85136f24-357f-3898-ae13-0043e8d7a7be): Вот тут можешь строить деревню
[15:01:31] Fhavyre (uuid: 85136f24-357f-3898-ae13-0043e8d7a7be): что бы потом люди могли покупать себе дома
[15:01:40] Demon666 (uuid: a6856c08-fecf-30ba-b541-6782e643be4a): хорошо
[15:02:04] Demon666 (uuid: a6856c08-fecf-30ba-b541-6782e643be4a): стронно а почему я не могу сетать
[15:02:05] Fhavyre (uuid: 85136f24-357f-3898-ae13-0043e8d7a7be): модеры этого не могут
[15:02:24] Fhavyre (uuid: 85136f24-357f-3898-ae13-0043e8d7a7be): никто не может этого делать
[15:02:29] Demon666 (uuid: a6856c08-fecf-30ba-b541-6782e643be4a): ясно
[15:02:31] Fhavyre (uuid: 85136f24-357f-3898-ae13-0043e8d7a7be): ну могут только начиная с овнеров
[15:02:41] Fhavyre (uuid: 85136f24-357f-3898-ae13-0043e8d7a7be): овнеры и консоль
[15:02:47] Fhavyre (uuid: 85136f24-357f-3898-ae13-0043e8d7a7be): все что ты можешь написано в донате
[15:02:50] Demon666 (uuid: a6856c08-fecf-30ba-b541-6782e643be4a): блин жалко не могу быть помощником
[15:02:51] Fhavyre (uuid: 85136f24-357f-3898-ae13-0043e8d7a7be): до модеров
[15:03:00] Fhavyre (uuid: 85136f24-357f-3898-ae13-0043e8d7a7be): Можешь но ты еще ничего не сделал
[15:03:05] Fhavyre (uuid: 85136f24-357f-3898-ae13-0043e8d7a7be): что бы им быть
[15:03:37] Demon666 (uuid: a6856c08-fecf-30ba-b541-6782e643be4a): я потом буду администротором
[15:03:49] Fhavyre (uuid: 85136f24-357f-3898-ae13-0043e8d7a7be): если все сделаешь то да я дам
[15:04:07] Demon666 (uuid: a6856c08-fecf-30ba-b541-6782e643be4a): можешь день сделать
[15:04:23] Demon666 (uuid: a6856c08-fecf-30ba-b541-6782e643be4a): а можно с другом построить ему просто криатив даш ты
[15:04:29] Fhavyre (uuid: 85136f24-357f-3898-ae13-0043e8d7a7be): Это и ты можешь
[15:04:44] Fhavyre (uuid: 85136f24-357f-3898-ae13-0043e8d7a7be): Это и ты можешь
[15:05:15] Demon666 (uuid: a6856c08-fecf-30ba-b541-6782e643be4a): я понел
[15:05:32] Demon666 (uuid: a6856c08-fecf-30ba-b541-6782e643be4a): я день не могу делать
[15:05:41] Fhavyre (uuid: 85136f24-357f-3898-ae13-0043e8d7a7be): ./time set 0
[15:05:54] Demon666 (uuid: a6856c08-fecf-30ba-b541-6782e643be4a): не могу
[15:06:29] Fhavyre (uuid: 85136f24-357f-3898-ae13-0043e8d7a7be): а сейчас
[15:06:38] Demon666 (uuid: a6856c08-fecf-30ba-b541-6782e643be4a): нет
[15:06:56] Fhavyre (uuid: 85136f24-357f-3898-ae13-0043e8d7a7be): да ну как
[15:08:16] Fhavyre (uuid: 85136f24-357f-3898-ae13-0043e8d7a7be): ДА ты прав не можешь
[15:09:09] Demon666 (uuid: a6856c08-fecf-30ba-b541-6782e643be4a): я афк
[15:09:20] Fhavyre (uuid: 85136f24-357f-3898-ae13-0043e8d7a7be): Во все можешь
[15:10:16] Demon666 (uuid: a6856c08-fecf-30ba-b541-6782e643be4a): я тут
[15:10:48] Fhavyre (uuid: 85136f24-357f-3898-ae13-0043e8d7a7be): вот сейчас пробуй
[15:10:52] Fhavyre (uuid: 85136f24-357f-3898-ae13-0043e8d7a7be): сейчас можешь
[15:10:59] Demon666 (uuid: a6856c08-fecf-30ba-b541-6782e643be4a): могу
[15:11:02] Fhavyre (uuid: 85136f24-357f-3898-ae13-0043e8d7a7be): во
[15:11:08] Fhavyre (uuid: 85136f24-357f-3898-ae13-0043e8d7a7be): то я тупонул
[15:11:27] Demon666 (uuid: a6856c08-fecf-30ba-b541-6782e643be4a): норм домик
[15:13:31] Demon666 (uuid: a6856c08-fecf-30ba-b541-6782e643be4a): поможешь сделать отель
[15:14:12] Fhavyre (uuid: 85136f24-357f-3898-ae13-0043e8d7a7be): по идеи теперь ты можешь и часами тользоваться
[15:14:15] Fhavyre (uuid: 85136f24-357f-3898-ae13-0043e8d7a7be): админ меню
[15:15:34] Fhavyre (uuid: 85136f24-357f-3898-ae13-0043e8d7a7be): t
[15:17:35] Fhavyre (uuid: 85136f24-357f-3898-ae13-0043e8d7a7be): Сори
[15:19:37] Demon666 (uuid: a6856c08-fecf-30ba-b541-6782e643be4a): меня почему та кикнула
[15:19:44] Fhavyre (uuid: 85136f24-357f-3898-ae13-0043e8d7a7be): ты спамил
[15:19:50] Fhavyre (uuid: 85136f24-357f-3898-ae13-0043e8d7a7be): ну кликал по часам
[15:19:55] Demon666 (uuid: a6856c08-fecf-30ba-b541-6782e643be4a): jr
[15:19:58] Demon666 (uuid: a6856c08-fecf-30ba-b541-6782e643be4a): ок
[15:20:00] Demon666 (uuid: a6856c08-fecf-30ba-b541-6782e643be4a): ок
[15:20:18] Demon666 (uuid: a6856c08-fecf-30ba-b541-6782e643be4a): поможешь отель построить
[15:20:48] Fhavyre (uuid: 85136f24-357f-3898-ae13-0043e8d7a7be): аа
[15:21:48] Demon666 (uuid: a6856c08-fecf-30ba-b541-6782e643be4a): когда вы откроете 100 человек я начну стримить
[15:22:16] Fhavyre (uuid: 85136f24-357f-3898-ae13-0043e8d7a7be): 100 челове 100% будет у нас реклама очень хорошаая
[15:22:26] Fhavyre (uuid: 85136f24-357f-3898-ae13-0043e8d7a7be): может и больше
[15:22:36] Demon666 (uuid: a6856c08-fecf-30ba-b541-6782e643be4a): я тогда стрим начну
[15:22:45] Fhavyre (uuid: 85136f24-357f-3898-ae13-0043e8d7a7be): окей
[15:23:05] Fhavyre (uuid: 85136f24-357f-3898-ae13-0043e8d7a7be): я пока не помогу тебе я на работе майн так на фоне открыт
[15:26:47] Fhavyre (uuid: 85136f24-357f-3898-ae13-0043e8d7a7be): Растояние делай больше между домами
[15:30:42] Demon666 (uuid: a6856c08-fecf-30ba-b541-6782e643be4a): а может сделаем так люди будут покупать участок
[15:30:52] Demon666 (uuid: a6856c08-fecf-30ba-b541-6782e643be4a): и там строить дома
[15:40:54] Demon666 (uuid: a6856c08-fecf-30ba-b541-6782e643be4a): довай сделаем так чтобы люди покупали территории и строили дома
[15:43:40] Demon666 (uuid: a6856c08-fecf-30ba-b541-6782e643be4a): довай сделаем так чтобы люди покупали территории и строили дома
[15:43:57] Fhavyre (uuid: 85136f24-357f-3898-ae13-0043e8d7a7be): зачем если ее много и так в мире
[15:44:05] Fhavyre (uuid: 85136f24-357f-3898-ae13-0043e8d7a7be): save
[15:44:14] Fhavyre (uuid: 85136f24-357f-3898-ae13-0043e8d7a7be): Мне рестартнуть нужно
[15:44:15] Demon666 (uuid: a6856c08-fecf-30ba-b541-6782e643be4a): поможешь хотябы
[15:54:50] Fhavyre (uuid: 85136f24-357f-3898-ae13-0043e8d7a7be): Прикольные эфекты
[15:54:58] Fhavyre (uuid: 85136f24-357f-3898-ae13-0043e8d7a7be): За мной?
[15:55:17] Demon666 (uuid: a6856c08-fecf-30ba-b541-6782e643be4a): довай я щяс дострою
[15:55:41] Fhavyre (uuid: 85136f24-357f-3898-ae13-0043e8d7a7be): е
[16:02:19] Demon666 (uuid: a6856c08-fecf-30ba-b541-6782e643be4a): мне кажется хватить столько домов и мест
[16:09:02] Demon666 (uuid: a6856c08-fecf-30ba-b541-6782e643be4a): я оф
[17:09:33] Fhavyre (uuid: 85136f24-357f-3898-ae13-0043e8d7a7be): Видел меню ?
[17:10:19] Vlad_Filatov (uuid: 743f34a4-9ddd-3d22-810e-b33db1bafcc8): не
[17:10:42] Vlad_Filatov (uuid: 743f34a4-9ddd-3d22-810e-b33db1bafcc8): у меня в таблице букву не показывает
[17:11:28] Fhavyre (uuid: 85136f24-357f-3898-ae13-0043e8d7a7be): &
[17:11:30] Fhavyre (uuid: 85136f24-357f-3898-ae13-0043e8d7a7be): ?
[17:11:37] Vlad_Filatov (uuid: 743f34a4-9ddd-3d22-810e-b33db1bafcc8): таб нажми
[17:11:56] Fhavyre (uuid: 85136f24-357f-3898-ae13-0043e8d7a7be): А я зенаю
[17:12:08] Fhavyre (uuid: 85136f24-357f-3898-ae13-0043e8d7a7be): книжка меню или /menu
[17:12:29] Fhavyre (uuid: 85136f24-357f-3898-ae13-0043e8d7a7be): survival видел ?
[17:12:32] Fhavyre (uuid: 85136f24-357f-3898-ae13-0043e8d7a7be): survival видел ?
[17:12:43] Fhavyre (uuid: 85136f24-357f-3898-ae13-0043e8d7a7be): ываоывжфопыв
[17:13:35] Vlad_Filatov (uuid: 743f34a4-9ddd-3d22-810e-b33db1bafcc8): вооо
[17:13:38] Fhavyre (uuid: 85136f24-357f-3898-ae13-0043e8d7a7be): УГУ
[17:13:39] Vlad_Filatov (uuid: 743f34a4-9ddd-3d22-810e-b33db1bafcc8): вооооооо
[17:13:46] Vlad_Filatov (uuid: 743f34a4-9ddd-3d22-810e-b33db1bafcc8): воооооооооооо
[17:13:51] Fhavyre (uuid: 85136f24-357f-3898-ae13-0043e8d7a7be): Угуууууууууууу
[17:13:56] Vlad_Filatov (uuid: 743f34a4-9ddd-3d22-810e-b33db1bafcc8): еще карабль бы пиздать
[17:14:00] Vlad_Filatov (uuid: 743f34a4-9ddd-3d22-810e-b33db1bafcc8): пиздануть сюда
[17:14:11] Vlad_Filatov (uuid: 743f34a4-9ddd-3d22-810e-b33db1bafcc8): ток переделать трошки
[17:14:11] Fhavyre (uuid: 85136f24-357f-3898-ae13-0043e8d7a7be): Могу скопировать там и суда переташить
[17:15:10] Fhavyre (uuid: 85136f24-357f-3898-ae13-0043e8d7a7be): А и игра в чате есть
[17:15:10] Vlad_Filatov (uuid: 743f34a4-9ddd-3d22-810e-b33db1bafcc8): це шо
[17:15:23] Fhavyre (uuid: 85136f24-357f-3898-ae13-0043e8d7a7be): Nbgf gdg fhtyf
[17:15:26] Fhavyre (uuid: 85136f24-357f-3898-ae13-0043e8d7a7be): jyf nen ,skf
[17:15:31] Fhavyre (uuid: 85136f24-357f-3898-ae13-0043e8d7a7be): Типа пвп арена
[17:15:34] Fhavyre (uuid: 85136f24-357f-3898-ae13-0043e8d7a7be): она тут была
[17:16:23] Fhavyre (uuid: 85136f24-357f-3898-ae13-0043e8d7a7be): pig
[17:16:26] Fhavyre (uuid: 85136f24-357f-3898-ae13-0043e8d7a7be): pig
[17:16:35] Fhavyre (uuid: 85136f24-357f-3898-ae13-0043e8d7a7be): i love this server
[17:16:41] Fhavyre (uuid: 85136f24-357f-3898-ae13-0043e8d7a7be): i love this server
[17:16:45] Fhavyre (uuid: 85136f24-357f-3898-ae13-0043e8d7a7be): i love this server
[17:16:49] Vlad_Filatov (uuid: 743f34a4-9ddd-3d22-810e-b33db1bafcc8): i love this server
[17:16:51] Vlad_Filatov (uuid: 743f34a4-9ddd-3d22-810e-b33db1bafcc8): i love this server
[17:16:53] Vlad_Filatov (uuid: 743f34a4-9ddd-3d22-810e-b33db1bafcc8): i love this server
[17:16:53] Vlad_Filatov (uuid: 743f34a4-9ddd-3d22-810e-b33db1bafcc8): i love this server
[17:16:54] Vlad_Filatov (uuid: 743f34a4-9ddd-3d22-810e-b33db1bafcc8): i love this server
[17:16:55] Vlad_Filatov (uuid: 743f34a4-9ddd-3d22-810e-b33db1bafcc8): i love this server
[17:16:55] Vlad_Filatov (uuid: 743f34a4-9ddd-3d22-810e-b33db1bafcc8): i love this server
[17:16:56] Vlad_Filatov (uuid: 743f34a4-9ddd-3d22-810e-b33db1bafcc8): i love this servert
[17:16:56] Fhavyre (uuid: 85136f24-357f-3898-ae13-0043e8d7a7be): не
[17:16:57] Vlad_Filatov (uuid: 743f34a4-9ddd-3d22-810e-b33db1bafcc8): i love this servert
[17:17:00] Fhavyre (uuid: 85136f24-357f-3898-ae13-0043e8d7a7be): новое задание
[17:17:05] Fhavyre (uuid: 85136f24-357f-3898-ae13-0043e8d7a7be): нажми на то сообщение
[17:17:25] Vlad_Filatov (uuid: 743f34a4-9ddd-3d22-810e-b33db1bafcc8): pig
[17:17:29] Fhavyre (uuid: 85136f24-357f-3898-ae13-0043e8d7a7be): Я потом добавлю вариантов
[17:17:36] Fhavyre (uuid: 85136f24-357f-3898-ae13-0043e8d7a7be): ну и время увеличу
[17:18:15] Fhavyre (uuid: 85136f24-357f-3898-ae13-0043e8d7a7be): Что с этим спавном делать будем 7
[17:20:25] Fhavyre (uuid: 85136f24-357f-3898-ae13-0043e8d7a7be): А я на чит майне взял 5 кейсов
[17:20:35] Vlad_Filatov (uuid: 743f34a4-9ddd-3d22-810e-b33db1bafcc8): ага и как но
[17:20:37] Vlad_Filatov (uuid: 743f34a4-9ddd-3d22-810e-b33db1bafcc8): оно
[17:20:39] Fhavyre (uuid: 85136f24-357f-3898-ae13-0043e8d7a7be): нихера не выпало
[17:20:48] Fhavyre (uuid: 85136f24-357f-3898-ae13-0043e8d7a7be): ну точнее СоАдин
[17:20:53] Fhavyre (uuid: 85136f24-357f-3898-ae13-0043e8d7a7be): ну точнее а потом прем
[17:21:11] Fhavyre (uuid: 85136f24-357f-3898-ae13-0043e8d7a7be): нужно шансы еще урезать
[20:22:19] Demon666 (uuid: a6856c08-fecf-30ba-b541-6782e643be4a): 1
[20:22:25] Demon666 (uuid: a6856c08-fecf-30ba-b541-6782e643be4a): 1прив
[20:22:28] Demon666 (uuid: a6856c08-fecf-30ba-b541-6782e643be4a): прив
[20:22:31] Demon666 (uuid: a6856c08-fecf-30ba-b541-6782e643be4a): прив
[20:28:47] Fhavyre (uuid: 85136f24-357f-3898-ae13-0043e8d7a7be): Давай скайп
[20:38:59] zLane (uuid: dc944dc7-8cc1-33c8-8ee0-6bde265c3408): Кира
[20:42:44] Fhavyre (uuid: 85136f24-357f-3898-ae13-0043e8d7a7be): Потому что ты хелпер
[20:46:46] Vlad_Filatov (uuid: 743f34a4-9ddd-3d22-810e-b33db1bafcc8): Красава Димон
[20:46:58] Vlad_Filatov (uuid: 743f34a4-9ddd-3d22-810e-b33db1bafcc8): в правильное место зашёл
[20:47:01] Vlad_Filatov (uuid: 743f34a4-9ddd-3d22-810e-b33db1bafcc8): Любви тебе
[20:47:04] Vlad_Filatov (uuid: 743f34a4-9ddd-3d22-810e-b33db1bafcc8): Счасться
[20:47:07] Vlad_Filatov (uuid: 743f34a4-9ddd-3d22-810e-b33db1bafcc8): оставайся
[20:47:25] Demon666 (uuid: a6856c08-fecf-30ba-b541-6782e643be4a): ты очем
[20:48:25] Vlad_Filatov (uuid: 743f34a4-9ddd-3d22-810e-b33db1bafcc8): спускайся
[20:48:31] Vlad_Filatov (uuid: 743f34a4-9ddd-3d22-810e-b33db1bafcc8): выключай креатив
[20:48:33] zLane (uuid: dc944dc7-8cc1-33c8-8ee0-6bde265c3408): xnj 'nj pf [eqyz
[20:48:38] Fhavyre (uuid: 85136f24-357f-3898-ae13-0043e8d7a7be): Когда достроишь тогда и будешь помошником
[20:48:51] Demon666 (uuid: a6856c08-fecf-30ba-b541-6782e643be4a): деревню
[20:49:44] Fhavyre (uuid: 85136f24-357f-3898-ae13-0043e8d7a7be): axaxaxa
[20:50:10] Vlad_Filatov (uuid: 743f34a4-9ddd-3d22-810e-b33db1bafcc8): че щя было
[20:50:20] Fhavyre (uuid: 85136f24-357f-3898-ae13-0043e8d7a7be): а что было ?
[20:52:20] Vlad_Filatov (uuid: 743f34a4-9ddd-3d22-810e-b33db1bafcc8): может просто скачать готовый город?
[20:52:33] zLane (uuid: dc944dc7-8cc1-33c8-8ee0-6bde265c3408): я это еще с утра говорил
[20:52:42] Fhavyre (uuid: 85136f24-357f-3898-ae13-0043e8d7a7be): Города все большие
[20:52:52] Vlad_Filatov (uuid: 743f34a4-9ddd-3d22-810e-b33db1bafcc8): выглядит конечно амбициозно
[20:53:06] Vlad_Filatov (uuid: 743f34a4-9ddd-3d22-810e-b33db1bafcc8): потому что там квартиры продают
[20:53:13] Fhavyre (uuid: 85136f24-357f-3898-ae13-0043e8d7a7be): Ну типа не выйдет продавать територии
[20:53:19] Demon666 (uuid: a6856c08-fecf-30ba-b541-6782e643be4a): я только сегодня начил строить
[20:53:20] Fhavyre (uuid: 85136f24-357f-3898-ae13-0043e8d7a7be): идем покажу
[20:53:37] zLane (uuid: dc944dc7-8cc1-33c8-8ee0-6bde265c3408): чувак а все квадратные дома будут?
[20:53:45] Demon666 (uuid: a6856c08-fecf-30ba-b541-6782e643be4a): нет
[20:54:26] Vlad_Filatov (uuid: 743f34a4-9ddd-3d22-810e-b33db1bafcc8): jq
[20:54:59] Vlad_Filatov (uuid: 743f34a4-9ddd-3d22-810e-b33db1bafcc8): ну покажи
[20:55:35] Vlad_Filatov (uuid: 743f34a4-9ddd-3d22-810e-b33db1bafcc8): четко
[20:55:40] Fhavyre (uuid: 85136f24-357f-3898-ae13-0043e8d7a7be): ./rg info
[20:55:52] Vlad_Filatov (uuid: 743f34a4-9ddd-3d22-810e-b33db1bafcc8): выключай кретив
[20:55:54] Vlad_Filatov (uuid: 743f34a4-9ddd-3d22-810e-b33db1bafcc8): бица будем
[20:56:09] Vlad_Filatov (uuid: 743f34a4-9ddd-3d22-810e-b33db1bafcc8): .фз
[20:56:32] Vlad_Filatov (uuid: 743f34a4-9ddd-3d22-810e-b33db1bafcc8): дай тоже самое
[20:56:43] Fhavyre (uuid: 85136f24-357f-3898-ae13-0043e8d7a7be): ./kit vip
[20:57:08] Vlad_Filatov (uuid: 743f34a4-9ddd-3d22-810e-b33db1bafcc8): ну эт сильно если всем так раздать
[20:59:58] Vlad_Filatov (uuid: 743f34a4-9ddd-3d22-810e-b33db1bafcc8): а че это ты себе отдельно тут построил
[21:00:02] Vlad_Filatov (uuid: 743f34a4-9ddd-3d22-810e-b33db1bafcc8): в далике от всех
[21:00:16] zLane (uuid: dc944dc7-8cc1-33c8-8ee0-6bde265c3408): чтобы не трогали пока я строил
[21:00:22] zLane (uuid: dc944dc7-8cc1-33c8-8ee0-6bde265c3408): потом можно перенести
[21:00:36] Fhavyre (uuid: 85136f24-357f-3898-ae13-0043e8d7a7be): Дань хочешь прикол
[21:00:39] zLane (uuid: dc944dc7-8cc1-33c8-8ee0-6bde265c3408): ну
[21:00:44] Fhavyre (uuid: 85136f24-357f-3898-ae13-0043e8d7a7be): редстоун не переноситься
[21:00:58] Vlad_Filatov (uuid: 743f34a4-9ddd-3d22-810e-b33db1bafcc8): пам-пам
[21:00:59] zLane (uuid: dc944dc7-8cc1-33c8-8ee0-6bde265c3408): ну значит тут деревня будет
[21:01:58] Fhavyre (uuid: 85136f24-357f-3898-ae13-0043e8d7a7be): Гоу все ТНТ РАН
[21:02:34] Fhavyre (uuid: 85136f24-357f-3898-ae13-0043e8d7a7be): Заходим
[21:02:34] Vlad_Filatov (uuid: 743f34a4-9ddd-3d22-810e-b33db1bafcc8): збс
[21:02:41] Fhavyre (uuid: 85136f24-357f-3898-ae13-0043e8d7a7be): Заходим на 2ю
[21:03:40] zLane (uuid: dc944dc7-8cc1-33c8-8ee0-6bde265c3408): Кирилл я не буду
[21:03:57] Zord (uuid: 9104dec6-73bd-3b9e-9f1b-d1cc688eeaad): back
[21:06:15] Vlad_Filatov (uuid: 743f34a4-9ddd-3d22-810e-b33db1bafcc8): лавхак
[21:08:36] Zord (uuid: 9104dec6-73bd-3b9e-9f1b-d1cc688eeaad): flying
[21:08:46] Zord (uuid: 9104dec6-73bd-3b9e-9f1b-d1cc688eeaad): flying
[21:13:15] Vlad_Filatov (uuid: 743f34a4-9ddd-3d22-810e-b33db1bafcc8): на кой хрен тут кресты?
[21:31:44] Demon666 (uuid: a6856c08-fecf-30ba-b541-6782e643be4a): это деревня
[21:32:39] zLane (uuid: dc944dc7-8cc1-33c8-8ee0-6bde265c3408): кирпичный это Элитный?)
[21:33:02] Demon666 (uuid: a6856c08-fecf-30ba-b541-6782e643be4a): кирпич это отель
[21:33:11] zLane (uuid: dc944dc7-8cc1-33c8-8ee0-6bde265c3408): маленьткий
[21:33:23] Demon666 (uuid: a6856c08-fecf-30ba-b541-6782e643be4a): нет он будет 5 этажный
[21:37:57] Demon666 (uuid: a6856c08-fecf-30ba-b541-6782e643be4a): я афк пропиши мне пж
[21:43:07] Demon666 (uuid: a6856c08-fecf-30ba-b541-6782e643be4a): это мйой друг
[21:43:51] Demon666 (uuid: a6856c08-fecf-30ba-b541-6782e643be4a): даш пж криатив laggerden
[21:43:56] Demon666 (uuid: a6856c08-fecf-30ba-b541-6782e643be4a): это мой друг
[21:43:58] Demon666 (uuid: a6856c08-fecf-30ba-b541-6782e643be4a): это мой друг
[21:44:36] zLane (uuid: dc944dc7-8cc1-33c8-8ee0-6bde265c3408): помогай ему
[21:46:32] Demon666 (uuid: a6856c08-fecf-30ba-b541-6782e643be4a): надо еще банк построить
[21:47:08] Demon666 (uuid: a6856c08-fecf-30ba-b541-6782e643be4a): надо еще банк построить
[21:49:50] laggerden (uuid: c8126163-ecc8-32e4-b9a1-8afee7600345): Дай креатив опять
[21:49:55] zLane (uuid: dc944dc7-8cc1-33c8-8ee0-6bde265c3408): нет
[21:50:04] laggerden (uuid: c8126163-ecc8-32e4-b9a1-8afee7600345): Пос
[21:50:06] laggerden (uuid: c8126163-ecc8-32e4-b9a1-8afee7600345): поч
[21:50:13] laggerden (uuid: c8126163-ecc8-32e4-b9a1-8afee7600345): поч
[21:50:18] zLane (uuid: dc944dc7-8cc1-33c8-8ee0-6bde265c3408): а зачем
[21:50:26] Demon666 (uuid: a6856c08-fecf-30ba-b541-6782e643be4a): он поможет
[21:50:27] zLane (uuid: dc944dc7-8cc1-33c8-8ee0-6bde265c3408): ты ничего не делаешь
[21:50:30] laggerden (uuid: c8126163-ecc8-32e4-b9a1-8afee7600345): Помогать дома строить
[21:50:42] laggerden (uuid: c8126163-ecc8-32e4-b9a1-8afee7600345): В смысле я вот строил дом
[21:50:45] zLane (uuid: dc944dc7-8cc1-33c8-8ee0-6bde265c3408): так помоги
[21:51:04] laggerden (uuid: c8126163-ecc8-32e4-b9a1-8afee7600345): Ну так дай креатиа
[21:51:05] laggerden (uuid: c8126163-ecc8-32e4-b9a1-8afee7600345): в
[21:51:10] laggerden (uuid: c8126163-ecc8-32e4-b9a1-8afee7600345): в
[21:51:12] zLane (uuid: dc944dc7-8cc1-33c8-8ee0-6bde265c3408): бан сейчас дам
[21:52:42] laggerden (uuid: c8126163-ecc8-32e4-b9a1-8afee7600345): Тут эндермен дом арендовать хочет)))
[21:54:01] Demon666 (uuid: a6856c08-fecf-30ba-b541-6782e643be4a): я щяс приду
[22:02:59] laggerden (uuid: c8126163-ecc8-32e4-b9a1-8afee7600345): Я пока отелем займусть
[22:03:05] laggerden (uuid: c8126163-ecc8-32e4-b9a1-8afee7600345): займусь
[22:03:34] laggerden (uuid: c8126163-ecc8-32e4-b9a1-8afee7600345): Можно я отель перестрою
[22:16:32] zLane (uuid: dc944dc7-8cc1-33c8-8ee0-6bde265c3408): tp ja
[22:17:05] zLane (uuid: dc944dc7-8cc1-33c8-8ee0-6bde265c3408): строй
[22:17:24] zLane (uuid: dc944dc7-8cc1-33c8-8ee0-6bde265c3408): я что-то отеля не вижу
[22:17:32] Demon666 (uuid: a6856c08-fecf-30ba-b541-6782e643be4a): он тут
[22:17:42] zLane (uuid: dc944dc7-8cc1-33c8-8ee0-6bde265c3408): увижу хоть 1 этаж дам
[22:18:01] Demon666 (uuid: a6856c08-fecf-30ba-b541-6782e643be4a): дай ему криатив ник Dantezzz_YT_RUS он нам поможет отель сделать
[22:18:07] zLane (uuid: dc944dc7-8cc1-33c8-8ee0-6bde265c3408): увижу хоть 1 этаж дам
[22:18:17] Dantezzz_YT_RUS (uuid: a7131a03-2c26-3781-9334-d65b4ad63b6f): Что
[22:20:37] Dantezzz_YT_RUS (uuid: a7131a03-2c26-3781-9334-d65b4ad63b6f): дАЙ КРЕАТИВ
[22:20:42] Dantezzz_YT_RUS (uuid: a7131a03-2c26-3781-9334-d65b4ad63b6f): дАЙ КРЕАТИВ
[22:20:43] Demon666 (uuid: a6856c08-fecf-30ba-b541-6782e643be4a): прикольно
[22:20:44] Dantezzz_YT_RUS (uuid: a7131a03-2c26-3781-9334-d65b4ad63b6f): дАЙ КРЕАТИВ
[22:20:44] Dantezzz_YT_RUS (uuid: a7131a03-2c26-3781-9334-d65b4ad63b6f): дАЙ КРЕАТИВ
[22:20:48] Dantezzz_YT_RUS (uuid: a7131a03-2c26-3781-9334-d65b4ad63b6f): дАЙ КРЕАТИВ
[22:20:48] zLane (uuid: dc944dc7-8cc1-33c8-8ee0-6bde265c3408): я сказал
[22:20:52] zLane (uuid: dc944dc7-8cc1-33c8-8ee0-6bde265c3408): повторюсь
[22:20:59] zLane (uuid: dc944dc7-8cc1-33c8-8ee0-6bde265c3408): построите в 2 креатив
[22:21:07] zLane (uuid: dc944dc7-8cc1-33c8-8ee0-6bde265c3408): дам третьему
[22:21:13] zLane (uuid: dc944dc7-8cc1-33c8-8ee0-6bde265c3408): 1 этаж
[22:21:16] Demon666 (uuid: a6856c08-fecf-30ba-b541-6782e643be4a): все понел
[22:30:39] laggerden (uuid: c8126163-ecc8-32e4-b9a1-8afee7600345): zLine а сделай там где ловушка воронки
[22:32:03] Demon666 (uuid: a6856c08-fecf-30ba-b541-6782e643be4a): мы первый этаж более мение сделали
[22:33:57] Demon666 (uuid: a6856c08-fecf-30ba-b541-6782e643be4a): zLane а когда создатель зойдет
[22:33:59] Dantezzz_YT_RUS (uuid: a7131a03-2c26-3781-9334-d65b4ad63b6f): Дай креатив
[22:34:13] zLane (uuid: dc944dc7-8cc1-33c8-8ee0-6bde265c3408): а зачем тебе создатель?
[22:34:29] Demon666 (uuid: a6856c08-fecf-30ba-b541-6782e643be4a): просто на счет помощника
[22:34:39] zLane (uuid: dc944dc7-8cc1-33c8-8ee0-6bde265c3408): открою секрет
[22:34:44] zLane (uuid: dc944dc7-8cc1-33c8-8ee0-6bde265c3408): маленький такой
[22:34:52] Demon666 (uuid: a6856c08-fecf-30ba-b541-6782e643be4a): он мне говорил как деревню построешь он подумает
[22:34:53] zLane (uuid: dc944dc7-8cc1-33c8-8ee0-6bde265c3408): помощник билдера
[22:35:07] zLane (uuid: dc944dc7-8cc1-33c8-8ee0-6bde265c3408): билдер это я
[22:35:13] zLane (uuid: dc944dc7-8cc1-33c8-8ee0-6bde265c3408): улавливаешь
[22:39:43] zLane (uuid: dc944dc7-8cc1-33c8-8ee0-6bde265c3408): так вы не достроилиэ
[22:40:00] Dantezzz_YT_RUS (uuid: a7131a03-2c26-3781-9334-d65b4ad63b6f): Да потому что кретив дайте
[22:40:01] Demon666 (uuid: a6856c08-fecf-30ba-b541-6782e643be4a): мы завтра достроим
[22:40:13] zLane (uuid: dc944dc7-8cc1-33c8-8ee0-6bde265c3408): хорошо
[22:41:24] zLane (uuid: dc944dc7-8cc1-33c8-8ee0-6bde265c3408): и что ты строишь?
[22:41:32] Demon666 (uuid: a6856c08-fecf-30ba-b541-6782e643be4a): он дом строить
[22:41:36] zLane (uuid: dc944dc7-8cc1-33c8-8ee0-6bde265c3408): возле деревни еще
[22:41:36] Dantezzz_YT_RUS (uuid: a7131a03-2c26-3781-9334-d65b4ad63b6f): А какая разница
[22:41:53] zLane (uuid: dc944dc7-8cc1-33c8-8ee0-6bde265c3408): вопрос задал как бы
[22:41:59] Demon666 (uuid: a6856c08-fecf-30ba-b541-6782e643be4a): day
[22:42:10] Dantezzz_YT_RUS (uuid: a7131a03-2c26-3781-9334-d65b4ad63b6f): Ну вот тебе ответ
[22:42:52] zLane (uuid: dc944dc7-8cc1-33c8-8ee0-6bde265c3408): строй в стилистике деревни
[23:01:40] Dantezzz_YT_RUS (uuid: a7131a03-2c26-3781-9334-d65b4ad63b6f): Верни креатив
[23:02:22] Dantezzz_YT_RUS (uuid: a7131a03-2c26-3781-9334-d65b4ad63b6f): Верни креатив
[23:02:27] Demon666 (uuid: a6856c08-fecf-30ba-b541-6782e643be4a): даш ему заного криатив
[23:02:37] zLane (uuid: dc944dc7-8cc1-33c8-8ee0-6bde265c3408): дал
[23:07:51] Demon666 (uuid: a6856c08-fecf-30ba-b541-6782e643be4a): как отель
[23:07:58] Demon666 (uuid: a6856c08-fecf-30ba-b541-6782e643be4a): который будет 6 этажный
[23:08:11] Demon666 (uuid: a6856c08-fecf-30ba-b541-6782e643be4a): окно завтра сделаем
[23:09:51] Dantezzz_YT_RUS (uuid: a7131a03-2c26-3781-9334-d65b4ad63b6f): Верни креатив
[23:10:03] Demon666 (uuid: a6856c08-fecf-30ba-b541-6782e643be4a): его кикнулв
[23:10:06] Demon666 (uuid: a6856c08-fecf-30ba-b541-6782e643be4a): его кикнула
[23:10:08] Demon666 (uuid: a6856c08-fecf-30ba-b541-6782e643be4a): его кикнула
[23:10:17] Dantezzz_YT_RUS (uuid: a7131a03-2c26-3781-9334-d65b4ad63b6f): спс
[23:25:04] Demon666 (uuid: a6856c08-fecf-30ba-b541-6782e643be4a): переделовай некотрые дом zLane
[23:26:17] zLane (uuid: dc944dc7-8cc1-33c8-8ee0-6bde265c3408): ребят може вы уже завтра доделаете?
[23:26:27] zLane (uuid: dc944dc7-8cc1-33c8-8ee0-6bde265c3408): поздно уже
[23:26:42] Demon666 (uuid: a6856c08-fecf-30ba-b541-6782e643be4a): не
[23:27:00] Demon666 (uuid: a6856c08-fecf-30ba-b541-6782e643be4a): мы завтра комнатами будем занимать и со стеклами
[23:29:43] zLane (uuid: dc944dc7-8cc1-33c8-8ee0-6bde265c3408): ребят я ушел
[23:29:47] Demon666 (uuid: a6856c08-fecf-30ba-b541-6782e643be4a): jr
[23:29:49] Demon666 (uuid: a6856c08-fecf-30ba-b541-6782e643be4a): ок
[23:29:51] Demon666 (uuid: a6856c08-fecf-30ba-b541-6782e643be4a): ок
[23:29:54] Demon666 (uuid: a6856c08-fecf-30ba-b541-6782e643be4a): ок
