[11:37:58] Demon666 (uuid: a6856c08-fecf-30ba-b541-6782e643be4a): 1
[12:24:05] Demon666 (uuid: a6856c08-fecf-30ba-b541-6782e643be4a): ghbd
[12:24:06] Demon666 (uuid: a6856c08-fecf-30ba-b541-6782e643be4a): прив
[12:24:10] Demon666 (uuid: a6856c08-fecf-30ba-b541-6782e643be4a): прив
[12:24:10] Fhavyre (uuid: 85136f24-357f-3898-ae13-0043e8d7a7be): Даня давйа скайп
[12:24:16] Demon666 (uuid: a6856c08-fecf-30ba-b541-6782e643be4a): прив
[12:24:17] zLane (uuid: dc944dc7-8cc1-33c8-8ee0-6bde265c3408): Ок
[12:24:20] zLane (uuid: dc944dc7-8cc1-33c8-8ee0-6bde265c3408): Привет
[12:24:30] laggerden (uuid: c8126163-ecc8-32e4-b9a1-8afee7600345): Привет ребята
[12:24:35] Fhavyre (uuid: 85136f24-357f-3898-ae13-0043e8d7a7be): Привет
[12:24:46] Fhavyre (uuid: 85136f24-357f-3898-ae13-0043e8d7a7be): Ты тоже помагал строить ?
[12:24:47] Demon666 (uuid: a6856c08-fecf-30ba-b541-6782e643be4a): дай пж laggerden криатив
[12:24:52] Demon666 (uuid: a6856c08-fecf-30ba-b541-6782e643be4a): он да
[12:24:57] laggerden (uuid: c8126163-ecc8-32e4-b9a1-8afee7600345): Дайте гм ато неудобно в выживании сроить
[12:24:58] Demon666 (uuid: a6856c08-fecf-30ba-b541-6782e643be4a): мы отель строим
[12:25:12] laggerden (uuid: c8126163-ecc8-32e4-b9a1-8afee7600345): Я комнаты обустраиваю
[12:25:52] Fhavyre (uuid: 85136f24-357f-3898-ae13-0043e8d7a7be): дал
[12:26:00] laggerden (uuid: c8126163-ecc8-32e4-b9a1-8afee7600345): g
[12:26:05] Demon666 (uuid: a6856c08-fecf-30ba-b541-6782e643be4a): 1
[12:26:14] laggerden (uuid: c8126163-ecc8-32e4-b9a1-8afee7600345): Пасиб
[12:26:22] Demon666 (uuid: a6856c08-fecf-30ba-b541-6782e643be4a): а можно меня повысить
[12:27:36] Fhavyre (uuid: 85136f24-357f-3898-ae13-0043e8d7a7be):  Demon666 пиши в обший все свои
[12:27:51] Demon666 (uuid: a6856c08-fecf-30ba-b541-6782e643be4a): а меня повысить
[12:28:55] Demon666 (uuid: a6856c08-fecf-30ba-b541-6782e643be4a): 1
[12:31:57] laggerden (uuid: c8126163-ecc8-32e4-b9a1-8afee7600345): Проверьте пожалуйста как вам комноты
[12:32:41] laggerden (uuid: c8126163-ecc8-32e4-b9a1-8afee7600345): Ключи на ресепшене
[12:33:15] laggerden (uuid: c8126163-ecc8-32e4-b9a1-8afee7600345): Норм?
[12:33:28] zLane (uuid: dc944dc7-8cc1-33c8-8ee0-6bde265c3408): секунду
[12:33:57] laggerden (uuid: c8126163-ecc8-32e4-b9a1-8afee7600345): Ну как
[12:36:50] Demon666 (uuid: a6856c08-fecf-30ba-b541-6782e643be4a): 1
[12:39:31] Demon666 (uuid: a6856c08-fecf-30ba-b541-6782e643be4a): а как на счет повышение
[12:39:35] laggerden (uuid: c8126163-ecc8-32e4-b9a1-8afee7600345): Это шкаф
[12:41:54] laggerden (uuid: c8126163-ecc8-32e4-b9a1-8afee7600345): во
[12:42:13] zLane (uuid: dc944dc7-8cc1-33c8-8ee0-6bde265c3408): как-то так
[12:42:41] zLane (uuid: dc944dc7-8cc1-33c8-8ee0-6bde265c3408): примерно в таком стиле стройте)
[12:42:43] Demon666 (uuid: a6856c08-fecf-30ba-b541-6782e643be4a): это наш отель
[12:42:52] Demon666 (uuid: a6856c08-fecf-30ba-b541-6782e643be4a): которые строим два дня еже
[12:42:55] Demon666 (uuid: a6856c08-fecf-30ba-b541-6782e643be4a): уже
[12:42:57] Demon666 (uuid: a6856c08-fecf-30ba-b541-6782e643be4a): уже
[12:42:59] Demon666 (uuid: a6856c08-fecf-30ba-b541-6782e643be4a): уже
[12:48:17] Demon666 (uuid: a6856c08-fecf-30ba-b541-6782e643be4a): а открытия сервера вт
[12:48:29] zLane (uuid: dc944dc7-8cc1-33c8-8ee0-6bde265c3408): да
[12:50:55] Demon666 (uuid: a6856c08-fecf-30ba-b541-6782e643be4a): а что у вас со спавном
[12:51:02] Demon666 (uuid: a6856c08-fecf-30ba-b541-6782e643be4a): там член построили
[12:52:55] laggerden (uuid: c8126163-ecc8-32e4-b9a1-8afee7600345): А вы уже сломали
[12:53:00] zLane (uuid: dc944dc7-8cc1-33c8-8ee0-6bde265c3408): pig
[12:53:13] zLane (uuid: dc944dc7-8cc1-33c8-8ee0-6bde265c3408): i love this server
[12:53:21] zLane (uuid: dc944dc7-8cc1-33c8-8ee0-6bde265c3408): flying
[12:53:30] zLane (uuid: dc944dc7-8cc1-33c8-8ee0-6bde265c3408): minecraft
[12:53:35] zLane (uuid: dc944dc7-8cc1-33c8-8ee0-6bde265c3408): minecraft
[12:53:39] laggerden (uuid: c8126163-ecc8-32e4-b9a1-8afee7600345): А где донат кейсы то
[12:53:40] zLane (uuid: dc944dc7-8cc1-33c8-8ee0-6bde265c3408): i love this server
[12:53:48] zLane (uuid: dc944dc7-8cc1-33c8-8ee0-6bde265c3408): i love this server
[12:53:53] zLane (uuid: dc944dc7-8cc1-33c8-8ee0-6bde265c3408): flying
[12:53:58] zLane (uuid: dc944dc7-8cc1-33c8-8ee0-6bde265c3408): minecraft
[12:54:02] zLane (uuid: dc944dc7-8cc1-33c8-8ee0-6bde265c3408): i love this server
[12:54:12] zLane (uuid: dc944dc7-8cc1-33c8-8ee0-6bde265c3408): pih
[12:54:14] zLane (uuid: dc944dc7-8cc1-33c8-8ee0-6bde265c3408): pig
[12:54:19] zLane (uuid: dc944dc7-8cc1-33c8-8ee0-6bde265c3408): minecraft
[12:54:20] Fhavyre (uuid: 85136f24-357f-3898-ae13-0043e8d7a7be): minecraft
[12:54:24] zLane (uuid: dc944dc7-8cc1-33c8-8ee0-6bde265c3408): i love this server
[12:54:29] zLane (uuid: dc944dc7-8cc1-33c8-8ee0-6bde265c3408): minecraft
[12:54:33] zLane (uuid: dc944dc7-8cc1-33c8-8ee0-6bde265c3408): i love this server
[12:54:36] Fhavyre (uuid: 85136f24-357f-3898-ae13-0043e8d7a7be): pig
[12:54:36] Demon666 (uuid: a6856c08-fecf-30ba-b541-6782e643be4a): а вы чтоли спавн поменяли
[12:54:38] zLane (uuid: dc944dc7-8cc1-33c8-8ee0-6bde265c3408): pig
[12:54:42] zLane (uuid: dc944dc7-8cc1-33c8-8ee0-6bde265c3408): i love this server
[12:54:51] zLane (uuid: dc944dc7-8cc1-33c8-8ee0-6bde265c3408): flying
[12:54:58] zLane (uuid: dc944dc7-8cc1-33c8-8ee0-6bde265c3408): minecraft
[12:55:03] zLane (uuid: dc944dc7-8cc1-33c8-8ee0-6bde265c3408): i love this server
[12:55:07] zLane (uuid: dc944dc7-8cc1-33c8-8ee0-6bde265c3408): i love this server
[12:55:11] zLane (uuid: dc944dc7-8cc1-33c8-8ee0-6bde265c3408): pig
[12:55:20] zLane (uuid: dc944dc7-8cc1-33c8-8ee0-6bde265c3408): pig
[12:55:21] laggerden (uuid: c8126163-ecc8-32e4-b9a1-8afee7600345): о
[12:55:30] zLane (uuid: dc944dc7-8cc1-33c8-8ee0-6bde265c3408): flying
[12:55:36] zLane (uuid: dc944dc7-8cc1-33c8-8ee0-6bde265c3408): pig
[12:55:43] zLane (uuid: dc944dc7-8cc1-33c8-8ee0-6bde265c3408): minecraft
[12:55:47] zLane (uuid: dc944dc7-8cc1-33c8-8ee0-6bde265c3408): pig
[12:55:55] zLane (uuid: dc944dc7-8cc1-33c8-8ee0-6bde265c3408): flying
[12:55:59] laggerden (uuid: c8126163-ecc8-32e4-b9a1-8afee7600345): А где кейс то
[12:56:03] zLane (uuid: dc944dc7-8cc1-33c8-8ee0-6bde265c3408): i love this server
[12:56:10] zLane (uuid: dc944dc7-8cc1-33c8-8ee0-6bde265c3408): minecraft
[12:56:16] zLane (uuid: dc944dc7-8cc1-33c8-8ee0-6bde265c3408): flying
[12:56:21] zLane (uuid: dc944dc7-8cc1-33c8-8ee0-6bde265c3408): minecraft
[12:56:25] zLane (uuid: dc944dc7-8cc1-33c8-8ee0-6bde265c3408): flying
[12:56:29] zLane (uuid: dc944dc7-8cc1-33c8-8ee0-6bde265c3408): minecraft
[12:56:34] zLane (uuid: dc944dc7-8cc1-33c8-8ee0-6bde265c3408): pig
[12:58:03] laggerden (uuid: c8126163-ecc8-32e4-b9a1-8afee7600345): А где кейс то опять
[12:58:27] laggerden (uuid: c8126163-ecc8-32e4-b9a1-8afee7600345): а
[12:59:07] Demon666 (uuid: a6856c08-fecf-30ba-b541-6782e643be4a): а модно повышение
[12:59:17] Demon666 (uuid: a6856c08-fecf-30ba-b541-6782e643be4a): а просто тп хочу писать
[12:59:23] Demon666 (uuid: a6856c08-fecf-30ba-b541-6782e643be4a): не калл а тп
[13:00:32] Demon666 (uuid: a6856c08-fecf-30ba-b541-6782e643be4a): а можно повышение ау
[13:01:12] Demon666 (uuid: a6856c08-fecf-30ba-b541-6782e643be4a): а можно повышение ау
[13:05:53] Demon666 (uuid: a6856c08-fecf-30ba-b541-6782e643be4a): можно повышиени
[13:09:41] Demon666 (uuid: a6856c08-fecf-30ba-b541-6782e643be4a): влда можно повышение
[13:09:55] Demon666 (uuid: a6856c08-fecf-30ba-b541-6782e643be4a): влад
[13:10:02] Vlad_Filatov (uuid: 743f34a4-9ddd-3d22-810e-b33db1bafcc8): да
[13:13:36] zLane (uuid: dc944dc7-8cc1-33c8-8ee0-6bde265c3408): может вы строить будете
[13:13:42] zLane (uuid: dc944dc7-8cc1-33c8-8ee0-6bde265c3408): а не херней страдать
[13:13:50] Vlad_Filatov (uuid: 743f34a4-9ddd-3d22-810e-b33db1bafcc8): может и ты строить будешь
[13:14:01] Vlad_Filatov (uuid: 743f34a4-9ddd-3d22-810e-b33db1bafcc8): себе это не скажешь?
[13:14:08] Demon666 (uuid: a6856c08-fecf-30ba-b541-6782e643be4a): а можно повысить
[13:14:13] zLane (uuid: dc944dc7-8cc1-33c8-8ee0-6bde265c3408): могу и тебе такое предложение сказать
[13:14:22] Vlad_Filatov (uuid: 743f34a4-9ddd-3d22-810e-b33db1bafcc8): я тебе тоже скажу
[13:14:25] Vlad_Filatov (uuid: 743f34a4-9ddd-3d22-810e-b33db1bafcc8): предложение
[13:14:34] Vlad_Filatov (uuid: 743f34a4-9ddd-3d22-810e-b33db1bafcc8): будет он мне тут что-то предлогать
[13:15:10] zLane (uuid: dc944dc7-8cc1-33c8-8ee0-6bde265c3408): почему бы и нет
[13:15:39] Vlad_Filatov (uuid: 743f34a4-9ddd-3d22-810e-b33db1bafcc8): предложения при себе оставишь
[13:15:59] Demon666 (uuid: a6856c08-fecf-30ba-b541-6782e643be4a): да
[13:16:07] zLane (uuid: dc944dc7-8cc1-33c8-8ee0-6bde265c3408): знаешь живем в таком времени что есть такая штука свобода слова
[13:16:18] zLane (uuid: dc944dc7-8cc1-33c8-8ee0-6bde265c3408): не слышал о такой?
[13:16:25] zLane (uuid: dc944dc7-8cc1-33c8-8ee0-6bde265c3408): думаю врядли
[13:17:20] Vlad_Filatov (uuid: 743f34a4-9ddd-3d22-810e-b33db1bafcc8): А с чего это вдруг я не слышал?
[13:17:30] zLane (uuid: dc944dc7-8cc1-33c8-8ee0-6bde265c3408): ну мало ли
[13:17:36] Vlad_Filatov (uuid: 743f34a4-9ddd-3d22-810e-b33db1bafcc8): Мало ли в другом месте
[13:18:07] zLane (uuid: dc944dc7-8cc1-33c8-8ee0-6bde265c3408): не понимаю твоей агрессии сейчас
[13:18:31] zLane (uuid: dc944dc7-8cc1-33c8-8ee0-6bde265c3408): чуваки какали друг друга я сказал не страдайте фигней
[13:18:36] zLane (uuid: dc944dc7-8cc1-33c8-8ee0-6bde265c3408): кикали
[13:18:45] zLane (uuid: dc944dc7-8cc1-33c8-8ee0-6bde265c3408): ты начал нести бред
[13:18:49] Vlad_Filatov (uuid: 743f34a4-9ddd-3d22-810e-b33db1bafcc8): Так а он стоит строит
[13:18:55] Vlad_Filatov (uuid: 743f34a4-9ddd-3d22-810e-b33db1bafcc8): ты страдаешь ебалой
[13:18:58] Vlad_Filatov (uuid: 743f34a4-9ddd-3d22-810e-b33db1bafcc8): кто тут бред несет
[13:19:00] Vlad_Filatov (uuid: 743f34a4-9ddd-3d22-810e-b33db1bafcc8): ебать
[13:19:25] zLane (uuid: dc944dc7-8cc1-33c8-8ee0-6bde265c3408): ну я деревню перестрою потихоньку
[13:19:36] zLane (uuid: dc944dc7-8cc1-33c8-8ee0-6bde265c3408): иногда им подсказываю
[13:19:49] zLane (uuid: dc944dc7-8cc1-33c8-8ee0-6bde265c3408): сейчас решил слегка отдохнуть
[13:19:53] Vlad_Filatov (uuid: 743f34a4-9ddd-3d22-810e-b33db1bafcc8): у них свей головы нет?
[13:20:45] zLane (uuid: dc944dc7-8cc1-33c8-8ee0-6bde265c3408): я так понял ты видишь в моих сообщениях то что хочешь
[13:20:54] zLane (uuid: dc944dc7-8cc1-33c8-8ee0-6bde265c3408): я не то что я хочу до тебя донести
[13:21:17] zLane (uuid: dc944dc7-8cc1-33c8-8ee0-6bde265c3408): вижу смысла этого диалога
[13:21:26] zLane (uuid: dc944dc7-8cc1-33c8-8ee0-6bde265c3408): не
[13:22:23] Vlad_Filatov (uuid: 743f34a4-9ddd-3d22-810e-b33db1bafcc8): Не видит он смысла
[13:22:30] Vlad_Filatov (uuid: 743f34a4-9ddd-3d22-810e-b33db1bafcc8): Не вижу смысла в тебе на серве
[13:23:03] zLane (uuid: dc944dc7-8cc1-33c8-8ee0-6bde265c3408): о интересно мы заговорили
[13:23:09] zLane (uuid: dc944dc7-8cc1-33c8-8ee0-6bde265c3408): я даже не начинал
[13:23:16] zLane (uuid: dc944dc7-8cc1-33c8-8ee0-6bde265c3408): а ты уже на взводе забавно
[13:23:19] Vlad_Filatov (uuid: 743f34a4-9ddd-3d22-810e-b33db1bafcc8): Я начал
[13:23:19] Demon666 (uuid: a6856c08-fecf-30ba-b541-6782e643be4a): хватит спорить
[13:23:22] Vlad_Filatov (uuid: 743f34a4-9ddd-3d22-810e-b33db1bafcc8): кто на взводе
[13:23:30] Vlad_Filatov (uuid: 743f34a4-9ddd-3d22-810e-b33db1bafcc8): Свобода слова
[13:23:53] zLane (uuid: dc944dc7-8cc1-33c8-8ee0-6bde265c3408): Тут даже намеков в твою сторону не было
[13:24:02] Vlad_Filatov (uuid: 743f34a4-9ddd-3d22-810e-b33db1bafcc8): Так я твою делаю намеки
[13:24:05] Vlad_Filatov (uuid: 743f34a4-9ddd-3d22-810e-b33db1bafcc8): при чем тут
[13:26:35] Demon666 (uuid: a6856c08-fecf-30ba-b541-6782e643be4a): я афк пропишите мне ./afk Demon666
[13:33:45] Demon666 (uuid: a6856c08-fecf-30ba-b541-6782e643be4a): пропишите мне афк
[13:43:34] Vlad_Filatov (uuid: 743f34a4-9ddd-3d22-810e-b33db1bafcc8): Даня
[13:43:38] zLane (uuid: dc944dc7-8cc1-33c8-8ee0-6bde265c3408): что
[13:43:45] Vlad_Filatov (uuid: 743f34a4-9ddd-3d22-810e-b33db1bafcc8): Подумал над своим поведением?
[13:43:56] zLane (uuid: dc944dc7-8cc1-33c8-8ee0-6bde265c3408): Хах
[13:44:05] zLane (uuid: dc944dc7-8cc1-33c8-8ee0-6bde265c3408): я должен думать?
[13:44:07] Vlad_Filatov (uuid: 743f34a4-9ddd-3d22-810e-b33db1bafcc8): А я подумал
[13:44:22] zLane (uuid: dc944dc7-8cc1-33c8-8ee0-6bde265c3408): я был не прав в плане что сделал замечание
[13:44:27] zLane (uuid: dc944dc7-8cc1-33c8-8ee0-6bde265c3408): но это мелочь
[13:44:43] zLane (uuid: dc944dc7-8cc1-33c8-8ee0-6bde265c3408): та все нормально
[13:44:58] zLane (uuid: dc944dc7-8cc1-33c8-8ee0-6bde265c3408): просто я не думал что ты так отреагируешь
[13:45:27] Vlad_Filatov (uuid: 743f34a4-9ddd-3d22-810e-b33db1bafcc8): Окей
[13:57:21] Demon666 (uuid: a6856c08-fecf-30ba-b541-6782e643be4a): дадите пж криатив Dantezzz_YT_RUS он помогает отель строить
[13:57:34] Demon666 (uuid: a6856c08-fecf-30ba-b541-6782e643be4a): это сдание мы с ним строили
[14:00:25] Demon666 (uuid: a6856c08-fecf-30ba-b541-6782e643be4a): а можно повысить пж а то у меня в табе нету доната
[14:00:39] Dantezzz_YT_RUS (uuid: a7131a03-2c26-3781-9334-d65b4ad63b6f): s
[14:04:28] Demon666 (uuid: a6856c08-fecf-30ba-b541-6782e643be4a): а можно администратора
[14:04:31] Demon666 (uuid: a6856c08-fecf-30ba-b541-6782e643be4a): повысить
[14:04:40] Demon666 (uuid: a6856c08-fecf-30ba-b541-6782e643be4a): повысить
[14:04:58] Demon666 (uuid: a6856c08-fecf-30ba-b541-6782e643be4a): ./gamemode creative Dantezzz_YT_RUS
[14:06:08] Demon666 (uuid: a6856c08-fecf-30ba-b541-6782e643be4a): можно повысить до андминистратора
[14:06:49] Dantezzz_YT_RUS (uuid: a7131a03-2c26-3781-9334-d65b4ad63b6f): ДАЙТЕ КРЕАТИВ
[14:08:00] Demon666 (uuid: a6856c08-fecf-30ba-b541-6782e643be4a): можно повысить до андминистратора
[14:08:06] Fhavyre (uuid: 85136f24-357f-3898-ae13-0043e8d7a7be): А зачем вы убразли кресты ?
[14:08:24] Demon666 (uuid: a6856c08-fecf-30ba-b541-6782e643be4a): а зачем они
[14:08:35] Fhavyre (uuid: 85136f24-357f-3898-ae13-0043e8d7a7be): Постройте обратно их
[14:16:07] Fhavyre (uuid: 85136f24-357f-3898-ae13-0043e8d7a7be): s
[14:21:32] Fhavyre (uuid: 85136f24-357f-3898-ae13-0043e8d7a7be): ./bs join 1
[14:32:39] Demon666 (uuid: a6856c08-fecf-30ba-b541-6782e643be4a): дайте пж криатив D
[14:32:42] Demon666 (uuid: a6856c08-fecf-30ba-b541-6782e643be4a): дайте пж криатив Dantezzz_YT_RUS
[14:32:44] Demon666 (uuid: a6856c08-fecf-30ba-b541-6782e643be4a): дайте пж криатив Dantezzz_YT_RUS
[14:45:45] Fhavyre (uuid: 85136f24-357f-3898-ae13-0043e8d7a7be): ./bbadmin
[14:49:36] Dantezzz_YT_RUS (uuid: a7131a03-2c26-3781-9334-d65b4ad63b6f): Дайте превилегию
[14:51:06] Demon666 (uuid: a6856c08-fecf-30ba-b541-6782e643be4a): навига вы по сто раз перезугружаете сервре
[14:52:50] Dantezzz_YT_RUS (uuid: a7131a03-2c26-3781-9334-d65b4ad63b6f): Дайте превилегию
[14:52:57] Demon666 (uuid: a6856c08-fecf-30ba-b541-6782e643be4a): навига по сто раз перезагрудать
[14:53:43] Demon666 (uuid: a6856c08-fecf-30ba-b541-6782e643be4a): а можно повысить меня
[15:01:18] Fhavyre (uuid: 85136f24-357f-3898-ae13-0043e8d7a7be): /bbadmin addtopic Creeper
[15:03:29] Demon666 (uuid: a6856c08-fecf-30ba-b541-6782e643be4a): можно повысить
[15:09:04] Dantezzz_YT_RUS (uuid: a7131a03-2c26-3781-9334-d65b4ad63b6f): Demon кикает без причины
[15:18:38] Demon666 (uuid: a6856c08-fecf-30ba-b541-6782e643be4a): zLane можно меня повысить
[15:18:49] Demon666 (uuid: a6856c08-fecf-30ba-b541-6782e643be4a): zLane можно меня повысить
[15:18:57] Dantezzz_YT_RUS (uuid: a7131a03-2c26-3781-9334-d65b4ad63b6f): Креатив Пж
[15:19:28] Dantezzz_YT_RUS (uuid: a7131a03-2c26-3781-9334-d65b4ad63b6f): Креатив Пж
[15:19:31] Dantezzz_YT_RUS (uuid: a7131a03-2c26-3781-9334-d65b4ad63b6f): Креатив Пж
[15:19:45] Dantezzz_YT_RUS (uuid: a7131a03-2c26-3781-9334-d65b4ad63b6f): Креатив Пж
[15:20:03] Demon666 (uuid: a6856c08-fecf-30ba-b541-6782e643be4a): zLane можно меня повысить
[15:20:46] Demon666 (uuid: a6856c08-fecf-30ba-b541-6782e643be4a): zLane можно меня повысить
[15:22:04] Demon666 (uuid: a6856c08-fecf-30ba-b541-6782e643be4a): довай этот дом будет марии
[15:22:16] zLane (uuid: dc944dc7-8cc1-33c8-8ee0-6bde265c3408): чей?
[15:22:25] Demon666 (uuid: a6856c08-fecf-30ba-b541-6782e643be4a): тут свадьбу можно
[15:22:29] Demon666 (uuid: a6856c08-fecf-30ba-b541-6782e643be4a): сделать
[15:22:31] Demon666 (uuid: a6856c08-fecf-30ba-b541-6782e643be4a): сделать
[15:22:34] zLane (uuid: dc944dc7-8cc1-33c8-8ee0-6bde265c3408): не
[15:22:46] Demon666 (uuid: a6856c08-fecf-30ba-b541-6782e643be4a): а что это будет дом
[15:22:46] zLane (uuid: dc944dc7-8cc1-33c8-8ee0-6bde265c3408): нажна именно церковь
[15:23:19] Demon666 (uuid: a6856c08-fecf-30ba-b541-6782e643be4a): щяс короче церковь построю
[16:41:38] Demon666 (uuid: a6856c08-fecf-30ba-b541-6782e643be4a): а можно повышение ааа
[16:42:57] Demon666 (uuid: a6856c08-fecf-30ba-b541-6782e643be4a): ./ci
[16:43:57] Dantezzz_YT_RUS (uuid: a7131a03-2c26-3781-9334-d65b4ad63b6f): ДАЙТЕ КРЕАТИВ
[16:44:04] Dantezzz_YT_RUS (uuid: a7131a03-2c26-3781-9334-d65b4ad63b6f): ДАЙТЕ КРЕАТИВ
[16:44:06] Dantezzz_YT_RUS (uuid: a7131a03-2c26-3781-9334-d65b4ad63b6f): ДАЙТЕ КРЕАТИВ
[16:44:06] Dantezzz_YT_RUS (uuid: a7131a03-2c26-3781-9334-d65b4ad63b6f): ДАЙТЕ КРЕАТИВ
[16:44:22] Dantezzz_YT_RUS (uuid: a7131a03-2c26-3781-9334-d65b4ad63b6f): ДАЙТЕ КРЕАТИВ
[16:44:24] Dantezzz_YT_RUS (uuid: a7131a03-2c26-3781-9334-d65b4ad63b6f): ДАЙТЕ КРЕАТИВ
[16:44:36] Dantezzz_YT_RUS (uuid: a7131a03-2c26-3781-9334-d65b4ad63b6f): ДАЙТЕ КРЕАТИВ
[16:44:46] Dantezzz_YT_RUS (uuid: a7131a03-2c26-3781-9334-d65b4ad63b6f): Дайте креативку
[16:45:06] Dantezzz_YT_RUS (uuid: a7131a03-2c26-3781-9334-d65b4ad63b6f): Дайте креативку
[16:45:32] Dantezzz_YT_RUS (uuid: a7131a03-2c26-3781-9334-d65b4ad63b6f): Дайте креативку
[16:45:33] Dantezzz_YT_RUS (uuid: a7131a03-2c26-3781-9334-d65b4ad63b6f): Дайте креативку
[16:45:34] Dantezzz_YT_RUS (uuid: a7131a03-2c26-3781-9334-d65b4ad63b6f): Дайте креативку
[16:45:59] Dantezzz_YT_RUS (uuid: a7131a03-2c26-3781-9334-d65b4ad63b6f): Дайте креативку
[16:46:32] Dantezzz_YT_RUS (uuid: a7131a03-2c26-3781-9334-d65b4ad63b6f): Дайте креативку
[16:46:41] Dantezzz_YT_RUS (uuid: a7131a03-2c26-3781-9334-d65b4ad63b6f): Дайте креативку
[16:46:44] Dantezzz_YT_RUS (uuid: a7131a03-2c26-3781-9334-d65b4ad63b6f): Дайте креативку
[16:47:01] Dantezzz_YT_RUS (uuid: a7131a03-2c26-3781-9334-d65b4ad63b6f): Дайте креативку
[16:48:04] Dantezzz_YT_RUS (uuid: a7131a03-2c26-3781-9334-d65b4ad63b6f): Дайте креативку
[16:52:27] Dantezzz_YT_RUS (uuid: a7131a03-2c26-3781-9334-d65b4ad63b6f): Дайте креативку
[16:52:54] Dantezzz_YT_RUS (uuid: a7131a03-2c26-3781-9334-d65b4ad63b6f): Дайте креативку
[16:54:00] Fhavyre (uuid: 85136f24-357f-3898-ae13-0043e8d7a7be): Зачем ты его кикаешь ?
[16:54:45] Demon666 (uuid: a6856c08-fecf-30ba-b541-6782e643be4a): у вас группа не работает вк
[16:55:03] Demon666 (uuid: a6856c08-fecf-30ba-b541-6782e643be4a): можно повышение
[16:55:19] Fhavyre (uuid: 85136f24-357f-3898-ae13-0043e8d7a7be): Нет еще перед открытием
[16:55:49] Demon666 (uuid: a6856c08-fecf-30ba-b541-6782e643be4a): дай хотябы Dantezzz_YT_RUS донат он критив не может часто включать
[16:56:04] Fhavyre (uuid: 85136f24-357f-3898-ae13-0043e8d7a7be): Уже
[16:56:11] Dantezzz_YT_RUS (uuid: a7131a03-2c26-3781-9334-d65b4ad63b6f): 
[16:56:46] Demon666 (uuid: a6856c08-fecf-30ba-b541-6782e643be4a): я тп ко мне
[16:56:54] Demon666 (uuid: a6856c08-fecf-30ba-b541-6782e643be4a): покажу что построил
[16:57:33] Fhavyre (uuid: 85136f24-357f-3898-ae13-0043e8d7a7be): Это что ?
[16:57:44] Demon666 (uuid: a6856c08-fecf-30ba-b541-6782e643be4a): это ikae
[16:57:55] Demon666 (uuid: a6856c08-fecf-30ba-b541-6782e643be4a): торговый центр
[16:58:06] Fhavyre (uuid: 85136f24-357f-3898-ae13-0043e8d7a7be): f ye vj;tim cdjq vfufpby nen cltkfnm
[16:58:12] Demon666 (uuid: a6856c08-fecf-30ba-b541-6782e643be4a): внутри незнаю что делать
[16:58:14] Fhavyre (uuid: 85136f24-357f-3898-ae13-0043e8d7a7be): а ну можешь свой магазин тут свой сделать
[16:58:40] Demon666 (uuid: a6856c08-fecf-30ba-b541-6782e643be4a): я просто устал я построил церковь дом и ikae
[16:58:48] Demon666 (uuid: a6856c08-fecf-30ba-b541-6782e643be4a): церковь я строил с Dantezzz_YT_RUS
[16:59:30] Demon666 (uuid: a6856c08-fecf-30ba-b541-6782e643be4a): а можно пж повыше получить я тп не могу писать
[16:59:52] Demon666 (uuid: a6856c08-fecf-30ba-b541-6782e643be4a): а можно пж повыше получить я тп не могу писать
[16:59:54] Demon666 (uuid: a6856c08-fecf-30ba-b541-6782e643be4a): пж
[16:59:58] Demon666 (uuid: a6856c08-fecf-30ba-b541-6782e643be4a): пж
[17:00:18] Demon666 (uuid: a6856c08-fecf-30ba-b541-6782e643be4a): и криатив довать
[17:02:23] Fhavyre (uuid: 85136f24-357f-3898-ae13-0043e8d7a7be): А сейчас
[17:02:31] Demon666 (uuid: a6856c08-fecf-30ba-b541-6782e643be4a): vjue
[17:02:33] Demon666 (uuid: a6856c08-fecf-30ba-b541-6782e643be4a): могу
[17:02:35] Demon666 (uuid: a6856c08-fecf-30ba-b541-6782e643be4a): могу
[17:02:38] Demon666 (uuid: a6856c08-fecf-30ba-b541-6782e643be4a): могу
[17:03:09] Demon666 (uuid: a6856c08-fecf-30ba-b541-6782e643be4a): 1
[17:04:00] Demon666 (uuid: a6856c08-fecf-30ba-b541-6782e643be4a): у вас группа вк не робит
[17:04:13] Fhavyre (uuid: 85136f24-357f-3898-ae13-0043e8d7a7be): я знаею ее еще нет
[17:04:23] Demon666 (uuid: a6856c08-fecf-30ba-b541-6782e643be4a): ясно
[17:05:07] Demon666 (uuid: a6856c08-fecf-30ba-b541-6782e643be4a): а почему я когда пишу жругу криатив он выдаеться только себе
[17:05:24] Fhavyre (uuid: 85136f24-357f-3898-ae13-0043e8d7a7be): ты не можешь выдавать креатив это логично
[17:09:25] Demon666 (uuid: a6856c08-fecf-30ba-b541-6782e643be4a): я афк
[17:09:37] Demon666 (uuid: a6856c08-fecf-30ba-b541-6782e643be4a): напешите мне ./afk Demon666
[17:18:50] laggerden (uuid: c8126163-ecc8-32e4-b9a1-8afee7600345): Fhavyre А сделай меня, Dantezzz_YT_RUS и Demon666 Builderamи
[17:22:08] laggerden (uuid: c8126163-ecc8-32e4-b9a1-8afee7600345): Ну так что сделаеш нас builderamи а то мы уже столько посроили
[17:26:33] laggerden (uuid: c8126163-ecc8-32e4-b9a1-8afee7600345): Ну так что сделаеш нас builderami?
[17:26:48] laggerden (uuid: c8126163-ecc8-32e4-b9a1-8afee7600345): Мы просто уже много всего построили
[17:43:08] Demon666 (uuid: a6856c08-fecf-30ba-b541-6782e643be4a): можно будут билдера ники их Dantezzz_YT_RUS laggerden
[18:04:47] laggerden (uuid: c8126163-ecc8-32e4-b9a1-8afee7600345): Зырь
[18:24:43] zLane (uuid: dc944dc7-8cc1-33c8-8ee0-6bde265c3408): yelow
[18:24:51] zLane (uuid: dc944dc7-8cc1-33c8-8ee0-6bde265c3408): yellow
[18:52:03] Fhavyre (uuid: 85136f24-357f-3898-ae13-0043e8d7a7be): ./bw join bw
[18:52:12] Fhavyre (uuid: 85136f24-357f-3898-ae13-0043e8d7a7be): ./bw join bw
[19:17:45] admintest (uuid: f7f3a996-46d7-336a-b257-e45b1f7a329d): t
[19:23:35] Fhavyre (uuid: 85136f24-357f-3898-ae13-0043e8d7a7be): ./mw goto carting
[20:41:41] Fhavyre (uuid: 85136f24-357f-3898-ae13-0043e8d7a7be): \flying
[20:41:45] Fhavyre (uuid: 85136f24-357f-3898-ae13-0043e8d7a7be): flying
[20:42:03] zLane (uuid: dc944dc7-8cc1-33c8-8ee0-6bde265c3408): i love this server
[20:42:10] zLane (uuid: dc944dc7-8cc1-33c8-8ee0-6bde265c3408): i love this server
[20:42:14] zLane (uuid: dc944dc7-8cc1-33c8-8ee0-6bde265c3408): i love this server
[20:42:19] Fhavyre (uuid: 85136f24-357f-3898-ae13-0043e8d7a7be): flying
[20:42:21] zLane (uuid: dc944dc7-8cc1-33c8-8ee0-6bde265c3408): flying
[20:42:25] Fhavyre (uuid: 85136f24-357f-3898-ae13-0043e8d7a7be): flying
[20:42:25] zLane (uuid: dc944dc7-8cc1-33c8-8ee0-6bde265c3408): flying
[20:42:30] Fhavyre (uuid: 85136f24-357f-3898-ae13-0043e8d7a7be): flying
[20:42:32] Fhavyre (uuid: 85136f24-357f-3898-ae13-0043e8d7a7be): pig
[20:42:34] zLane (uuid: dc944dc7-8cc1-33c8-8ee0-6bde265c3408): pig
[20:42:39] Fhavyre (uuid: 85136f24-357f-3898-ae13-0043e8d7a7be): pig
[20:42:40] zLane (uuid: dc944dc7-8cc1-33c8-8ee0-6bde265c3408): pig
[20:42:44] Fhavyre (uuid: 85136f24-357f-3898-ae13-0043e8d7a7be): flying
[20:42:44] zLane (uuid: dc944dc7-8cc1-33c8-8ee0-6bde265c3408): flying
[20:42:48] Fhavyre (uuid: 85136f24-357f-3898-ae13-0043e8d7a7be): pig
[20:42:49] zLane (uuid: dc944dc7-8cc1-33c8-8ee0-6bde265c3408): pig
[20:42:53] Fhavyre (uuid: 85136f24-357f-3898-ae13-0043e8d7a7be): pig
[20:42:53] zLane (uuid: dc944dc7-8cc1-33c8-8ee0-6bde265c3408): pig
[20:42:57] Fhavyre (uuid: 85136f24-357f-3898-ae13-0043e8d7a7be): pig
[20:42:57] zLane (uuid: dc944dc7-8cc1-33c8-8ee0-6bde265c3408): pig
[20:43:03] zLane (uuid: dc944dc7-8cc1-33c8-8ee0-6bde265c3408): minecraft
[20:43:08] zLane (uuid: dc944dc7-8cc1-33c8-8ee0-6bde265c3408): minecraft
[20:43:13] zLane (uuid: dc944dc7-8cc1-33c8-8ee0-6bde265c3408): i love this server]
[20:43:16] zLane (uuid: dc944dc7-8cc1-33c8-8ee0-6bde265c3408): i love this server
[20:43:22] zLane (uuid: dc944dc7-8cc1-33c8-8ee0-6bde265c3408): i love this server
[20:43:25] Fhavyre (uuid: 85136f24-357f-3898-ae13-0043e8d7a7be): flying
[20:43:26] zLane (uuid: dc944dc7-8cc1-33c8-8ee0-6bde265c3408): flying
[20:43:31] zLane (uuid: dc944dc7-8cc1-33c8-8ee0-6bde265c3408): minecraft
[20:43:34] Fhavyre (uuid: 85136f24-357f-3898-ae13-0043e8d7a7be): minecraft
[20:43:41] zLane (uuid: dc944dc7-8cc1-33c8-8ee0-6bde265c3408): flying
[20:43:42] Fhavyre (uuid: 85136f24-357f-3898-ae13-0043e8d7a7be): flying
[20:43:46] zLane (uuid: dc944dc7-8cc1-33c8-8ee0-6bde265c3408): i love this server
[20:43:51] Fhavyre (uuid: 85136f24-357f-3898-ae13-0043e8d7a7be): pig
[20:43:56] zLane (uuid: dc944dc7-8cc1-33c8-8ee0-6bde265c3408): minecraft
[20:43:57] Fhavyre (uuid: 85136f24-357f-3898-ae13-0043e8d7a7be): minecraft
[20:44:01] Fhavyre (uuid: 85136f24-357f-3898-ae13-0043e8d7a7be): minecraft
[20:44:03] Fhavyre (uuid: 85136f24-357f-3898-ae13-0043e8d7a7be): pig
[20:44:08] Fhavyre (uuid: 85136f24-357f-3898-ae13-0043e8d7a7be): pig
[20:44:13] zLane (uuid: dc944dc7-8cc1-33c8-8ee0-6bde265c3408): i love this server
[20:44:17] Fhavyre (uuid: 85136f24-357f-3898-ae13-0043e8d7a7be): minecraft
[20:44:18] zLane (uuid: dc944dc7-8cc1-33c8-8ee0-6bde265c3408): minecraft
[20:44:22] zLane (uuid: dc944dc7-8cc1-33c8-8ee0-6bde265c3408): minecraft
[20:44:22] Fhavyre (uuid: 85136f24-357f-3898-ae13-0043e8d7a7be): minecraft
[20:44:25] Fhavyre (uuid: 85136f24-357f-3898-ae13-0043e8d7a7be): minecraft
[20:44:29] zLane (uuid: dc944dc7-8cc1-33c8-8ee0-6bde265c3408): i love this server
[20:44:33] zLane (uuid: dc944dc7-8cc1-33c8-8ee0-6bde265c3408): minecraft
[20:44:34] Fhavyre (uuid: 85136f24-357f-3898-ae13-0043e8d7a7be): minecraft
[20:44:37] zLane (uuid: dc944dc7-8cc1-33c8-8ee0-6bde265c3408): i love this server
[20:44:42] zLane (uuid: dc944dc7-8cc1-33c8-8ee0-6bde265c3408): i love this server
[20:44:46] zLane (uuid: dc944dc7-8cc1-33c8-8ee0-6bde265c3408): i love this server
[20:44:50] Fhavyre (uuid: 85136f24-357f-3898-ae13-0043e8d7a7be): flying
[20:44:53] zLane (uuid: dc944dc7-8cc1-33c8-8ee0-6bde265c3408): minecraft
[20:44:54] Fhavyre (uuid: 85136f24-357f-3898-ae13-0043e8d7a7be): minecraft
[20:44:58] zLane (uuid: dc944dc7-8cc1-33c8-8ee0-6bde265c3408): i love this server
[20:45:02] Fhavyre (uuid: 85136f24-357f-3898-ae13-0043e8d7a7be): minecraft
[20:45:03] zLane (uuid: dc944dc7-8cc1-33c8-8ee0-6bde265c3408): minecraft
[20:45:07] Fhavyre (uuid: 85136f24-357f-3898-ae13-0043e8d7a7be): pig
[20:45:11] Fhavyre (uuid: 85136f24-357f-3898-ae13-0043e8d7a7be): minecraft
[20:45:15] Fhavyre (uuid: 85136f24-357f-3898-ae13-0043e8d7a7be): pig
[20:45:18] Fhavyre (uuid: 85136f24-357f-3898-ae13-0043e8d7a7be): minecraft
[20:45:18] zLane (uuid: dc944dc7-8cc1-33c8-8ee0-6bde265c3408): minecraft
[20:45:22] Fhavyre (uuid: 85136f24-357f-3898-ae13-0043e8d7a7be): pig
[20:45:25] Fhavyre (uuid: 85136f24-357f-3898-ae13-0043e8d7a7be): pig
[20:45:29] Fhavyre (uuid: 85136f24-357f-3898-ae13-0043e8d7a7be): flying
[20:45:32] zLane (uuid: dc944dc7-8cc1-33c8-8ee0-6bde265c3408): minecraft
[20:45:34] Fhavyre (uuid: 85136f24-357f-3898-ae13-0043e8d7a7be): minecraft
[20:45:37] Fhavyre (uuid: 85136f24-357f-3898-ae13-0043e8d7a7be): minecraft
[20:45:38] zLane (uuid: dc944dc7-8cc1-33c8-8ee0-6bde265c3408): minecraft
[20:45:42] Fhavyre (uuid: 85136f24-357f-3898-ae13-0043e8d7a7be): pig
[20:45:45] zLane (uuid: dc944dc7-8cc1-33c8-8ee0-6bde265c3408): minecraft
[20:45:46] Fhavyre (uuid: 85136f24-357f-3898-ae13-0043e8d7a7be): minecraft
[21:15:13] Demon666 (uuid: a6856c08-fecf-30ba-b541-6782e643be4a): Скапй гоу
