[01:09:54] quz_Im_Pro (uuid: 6e1ff0d9-be48-3a71-aeb5-3c16d9c45cee): привет
[04:37:57] PetiliLuna (uuid: 7616deb8-b3e8-350a-ba84-9815e277f584): шо
[04:38:01] magister835 (uuid: fbeb94d1-ee1e-3a2f-9008-63fc7d72acc4): Можно донат последни могу помочь
[04:38:15] Fhavyre (uuid: 85136f24-357f-3898-ae13-0043e8d7a7be): Что ?
[04:38:22] magister835 (uuid: fbeb94d1-ee1e-3a2f-9008-63fc7d72acc4): Могу помочь
[04:38:28] Fhavyre (uuid: 85136f24-357f-3898-ae13-0043e8d7a7be): С чем ?
[04:38:32] PetiliLuna (uuid: 7616deb8-b3e8-350a-ba84-9815e277f584): можно оп?
[04:38:40] Fhavyre (uuid: 85136f24-357f-3898-ae13-0043e8d7a7be): Опа нет
[04:38:50] magister835 (uuid: fbeb94d1-ee1e-3a2f-9008-63fc7d72acc4): Дай плиз Owner
[04:39:02] Fhavyre (uuid: 85136f24-357f-3898-ae13-0043e8d7a7be): Зачем ?
[04:39:09] PetiliLuna (uuid: 7616deb8-b3e8-350a-ba84-9815e277f584): я буду снимать антигрифер мне нужно доступ к приватам могу дать ссылку на канал
[04:39:44] PetiliLuna (uuid: 7616deb8-b3e8-350a-ba84-9815e277f584): дать ссылку
[04:40:04] Fhavyre (uuid: 85136f24-357f-3898-ae13-0043e8d7a7be): Какую ссылку ?
[04:40:17] PetiliLuna (uuid: 7616deb8-b3e8-350a-ba84-9815e277f584): на канал
[04:40:22] Modik_Pro (uuid: ff3adfca-c404-308a-8d09-2796b18de0ff): op
[04:40:30] PetiliLuna (uuid: 7616deb8-b3e8-350a-ba84-9815e277f584): 273 подписки
[04:40:35] Fhavyre (uuid: 85136f24-357f-3898-ae13-0043e8d7a7be): Народ открытие во Вторник
[04:40:46] Fhavyre (uuid: 85136f24-357f-3898-ae13-0043e8d7a7be): у меня 36к подписчиков
[04:40:46] magister835 (uuid: fbeb94d1-ee1e-3a2f-9008-63fc7d72acc4): ало
[04:40:55] PetiliLuna (uuid: 7616deb8-b3e8-350a-ba84-9815e277f584): скинь ссылку гляну)
[04:41:07] Fhavyre (uuid: 85136f24-357f-3898-ae13-0043e8d7a7be): WinnyLaPooh
[04:41:08] PetiliLuna (uuid: 7616deb8-b3e8-350a-ba84-9815e277f584): +щас многие накручивают и ты можешь быть такимже
[04:41:11] Fhavyre (uuid: 85136f24-357f-3898-ae13-0043e8d7a7be): Сам найти
[04:41:51] PetiliLuna (uuid: 7616deb8-b3e8-350a-ba84-9815e277f584): как я могу п
[04:42:04] PetiliLuna (uuid: 7616deb8-b3e8-350a-ba84-9815e277f584): как я могу убедиться что это твой канал
[04:42:09] magister835 (uuid: fbeb94d1-ee1e-3a2f-9008-63fc7d72acc4): У тебя не 36к а 32к
[04:42:24] PetiliLuna (uuid: 7616deb8-b3e8-350a-ba84-9815e277f584): ты мне пиздишь)
[04:42:31] PetiliLuna (uuid: 7616deb8-b3e8-350a-ba84-9815e277f584): ты мне пи з дишь)
[04:42:32] Fhavyre (uuid: 85136f24-357f-3898-ae13-0043e8d7a7be): ОК
[04:42:54] Fhavyre (uuid: 85136f24-357f-3898-ae13-0043e8d7a7be): hockey0898
[04:43:42] magister835 (uuid: fbeb94d1-ee1e-3a2f-9008-63fc7d72acc4): Принемай!
[04:44:00] magister835 (uuid: fbeb94d1-ee1e-3a2f-9008-63fc7d72acc4): э
[04:44:49] magister835 (uuid: fbeb94d1-ee1e-3a2f-9008-63fc7d72acc4): ДАШ КЕЙС
[04:44:55] magister835 (uuid: fbeb94d1-ee1e-3a2f-9008-63fc7d72acc4): даш ке й с
[04:45:38] magister835 (uuid: fbeb94d1-ee1e-3a2f-9008-63fc7d72acc4): Даш кейс
[04:45:55] Fhavyre (uuid: 85136f24-357f-3898-ae13-0043e8d7a7be): нет открытие во вторник
[04:46:23] magister835 (uuid: fbeb94d1-ee1e-3a2f-9008-63fc7d72acc4): Всмысле
[04:47:03] magister835 (uuid: fbeb94d1-ee1e-3a2f-9008-63fc7d72acc4): Ну дай плиз 1 кейс
[04:47:40] magister835 (uuid: fbeb94d1-ee1e-3a2f-9008-63fc7d72acc4): Что Фуууу :(
[04:47:56] magister835 (uuid: fbeb94d1-ee1e-3a2f-9008-63fc7d72acc4): Самая тупая превелегия
[04:48:04] Fhavyre (uuid: 85136f24-357f-3898-ae13-0043e8d7a7be): ?
[04:48:33] magister835 (uuid: fbeb94d1-ee1e-3a2f-9008-63fc7d72acc4): С Креатива и выше лутче
[04:49:06] magister835 (uuid: fbeb94d1-ee1e-3a2f-9008-63fc7d72acc4): Дай ещё 1
[04:49:20] greyg2000 (uuid: d850f20a-a819-3ee8-896d-f22d61505133): всем привет
[04:49:25] Fhavyre (uuid: 85136f24-357f-3898-ae13-0043e8d7a7be): ку
[04:49:40] greyg2000 (uuid: d850f20a-a819-3ee8-896d-f22d61505133): кто настроит сервер на server.pro плиз?
[04:49:58] Fhavyre (uuid: 85136f24-357f-3898-ae13-0043e8d7a7be): не понял
[04:50:20] greyg2000 (uuid: d850f20a-a819-3ee8-896d-f22d61505133): ну тоесть что зайти на сервер про на мою консоль и настроить плагины
[04:50:42] tulaoloko (uuid: a26be34c-1249-3f3d-8668-a65442af4918): a
[04:50:49] greyg2000 (uuid: d850f20a-a819-3ee8-896d-f22d61505133): а
[04:51:01] greyg2000 (uuid: d850f20a-a819-3ee8-896d-f22d61505133): код не работает фуфта
[04:51:10] Fhavyre (uuid: 85136f24-357f-3898-ae13-0043e8d7a7be): Какой
[04:51:15] tulaoloko (uuid: a26be34c-1249-3f3d-8668-a65442af4918): Fhavyre есь места для зама
[04:51:24] greyg2000 (uuid: d850f20a-a819-3ee8-896d-f22d61505133): вот /code WinnyLaPooh
[04:51:26] tulaoloko (uuid: a26be34c-1249-3f3d-8668-a65442af4918): я не крашну
[04:51:28] Fhavyre (uuid: 85136f24-357f-3898-ae13-0043e8d7a7be): в меню нажми на алмазный блок
[04:51:37] tulaoloko (uuid: a26be34c-1249-3f3d-8668-a65442af4918): ф
[04:51:40] tulaoloko (uuid: a26be34c-1249-3f3d-8668-a65442af4918): И что
[04:51:43] tulaoloko (uuid: a26be34c-1249-3f3d-8668-a65442af4918): И что
[04:51:57] greyg2000 (uuid: d850f20a-a819-3ee8-896d-f22d61505133): можно мне лучше зама? я ютуб у меня 38 подписчиков могу снимать тут
[04:52:04] tulaoloko (uuid: a26be34c-1249-3f3d-8668-a65442af4918): И что
[04:52:15] tulaoloko (uuid: a26be34c-1249-3f3d-8668-a65442af4918): Fhavyre есь места для зама я помогу
[04:52:22] Fhavyre (uuid: 85136f24-357f-3898-ae13-0043e8d7a7be): Народ у меня 32к подисчиков
[04:52:29] Fhavyre (uuid: 85136f24-357f-3898-ae13-0043e8d7a7be): Зама ?
[04:52:37] greyg2000 (uuid: d850f20a-a819-3ee8-896d-f22d61505133): ну всё равно можно мне плиз я тож снимать буду
[04:52:38] tulaoloko (uuid: a26be34c-1249-3f3d-8668-a65442af4918): да мне
[04:52:53] tulaoloko (uuid: a26be34c-1249-3f3d-8668-a65442af4918): Fhavyre есь места для зама я помогу
[04:53:06] greyg2000 (uuid: d850f20a-a819-3ee8-896d-f22d61505133): мне дай зама плиз я не крашер я могу ссылку дать на канал
[04:53:14] tulaoloko (uuid: a26be34c-1249-3f3d-8668-a65442af4918): и где он
[04:53:27] greyg2000 (uuid: d850f20a-a819-3ee8-896d-f22d61505133): наверное афк стал наверное мы ему помешали(
[04:54:47] greyg2000 (uuid: d850f20a-a819-3ee8-896d-f22d61505133): эх ладно я пошёл tulaoloko удачи тебе вдруг тебе дадут зама
[04:54:53] tulaoloko (uuid: a26be34c-1249-3f3d-8668-a65442af4918): jr
[04:54:54] tulaoloko (uuid: a26be34c-1249-3f3d-8668-a65442af4918): Ок
[04:56:01] magister835 (uuid: fbeb94d1-ee1e-3a2f-9008-63fc7d72acc4): \
[05:00:40] Donate (uuid: 2b6d83c4-6c26-3755-bda2-1fd4b5fca97b): кто созд
[05:00:51] Fhavyre (uuid: 85136f24-357f-3898-ae13-0043e8d7a7be): я
[05:01:21] Donate (uuid: 2b6d83c4-6c26-3755-bda2-1fd4b5fca97b): даш кейс
[05:03:03] Donate (uuid: 2b6d83c4-6c26-3755-bda2-1fd4b5fca97b): даш кейс
[05:03:34] Donate (uuid: 2b6d83c4-6c26-3755-bda2-1fd4b5fca97b): а поч ты в табе вип
[05:05:07] donate (uuid: 1f6fcd4c-fa9a-35ff-9136-1325e9a517cf): даш кейс
[05:07:09] Buker (uuid: ba3cbb27-e6cc-3a44-9cdc-63c29c9b3b44): Flvby
[05:07:12] Buker (uuid: ba3cbb27-e6cc-3a44-9cdc-63c29c9b3b44): Админ
[05:07:16] Buker (uuid: ba3cbb27-e6cc-3a44-9cdc-63c29c9b3b44): Админ
[05:07:27] Buker (uuid: ba3cbb27-e6cc-3a44-9cdc-63c29c9b3b44): Админ ты тут
[05:07:32] donate (uuid: 1f6fcd4c-fa9a-35ff-9136-1325e9a517cf): даш кейс
[05:08:58] donate (uuid: 1f6fcd4c-fa9a-35ff-9136-1325e9a517cf): даш кейс
[05:09:44] donate (uuid: 1f6fcd4c-fa9a-35ff-9136-1325e9a517cf): даш кейс
[05:10:00] greyg2000 (uuid: d850f20a-a819-3ee8-896d-f22d61505133): ребят кто настроит permissionex на сервер про?
[05:10:44] greyg2000 (uuid: d850f20a-a819-3ee8-896d-f22d61505133): ребят кто настроит permissionex на сервер про?
[05:11:20] greyg2000 (uuid: d850f20a-a819-3ee8-896d-f22d61505133): ребят кто настроит permissionex на сервер про?
[05:13:15] asdwa (uuid: e133b281-913a-39fd-bb53-d5d46eb001fc): as
[05:13:22] asdwa (uuid: e133b281-913a-39fd-bb53-d5d46eb001fc): sad4
[05:13:43] asdwa (uuid: e133b281-913a-39fd-bb53-d5d46eb001fc): sada
[05:14:05] asdwa (uuid: e133b281-913a-39fd-bb53-d5d46eb001fc): привте
[05:14:07] asdwa (uuid: e133b281-913a-39fd-bb53-d5d46eb001fc): т
[05:14:09] asdwa (uuid: e133b281-913a-39fd-bb53-d5d46eb001fc): т
[05:14:52] asdwa (uuid: e133b281-913a-39fd-bb53-d5d46eb001fc): asd
[15:39:31] Demon666 (uuid: a6856c08-fecf-30ba-b541-6782e643be4a): прив
[18:49:54] Fhavyre (uuid: 85136f24-357f-3898-ae13-0043e8d7a7be): 38278969
[18:50:42] Fhavyre (uuid: 85136f24-357f-3898-ae13-0043e8d7a7be): 61763881
[18:52:18] Fhavyre (uuid: 85136f24-357f-3898-ae13-0043e8d7a7be): 312
[18:52:29] Fhavyre (uuid: 85136f24-357f-3898-ae13-0043e8d7a7be): 336
[19:42:08] Fhavyre (uuid: 85136f24-357f-3898-ae13-0043e8d7a7be): t
[20:53:37] denis_228 (uuid: f9968a63-6531-35a0-a694-67f0d484974c): приветик ты глава?
[20:53:58] denis_228 (uuid: f9968a63-6531-35a0-a694-67f0d484974c): приветик ты глава?
[20:56:25] laggerden (uuid: c8126163-ecc8-32e4-b9a1-8afee7600345): 1112
[20:56:39] laggerden (uuid: c8126163-ecc8-32e4-b9a1-8afee7600345): 1193
[21:28:51] Fhavyre (uuid: 85136f24-357f-3898-ae13-0043e8d7a7be): 1916
[21:29:45] Fhavyre (uuid: 85136f24-357f-3898-ae13-0043e8d7a7be): t
[21:29:53] zLane (uuid: dc944dc7-8cc1-33c8-8ee0-6bde265c3408): t
[21:31:22] Fhavyre (uuid: 85136f24-357f-3898-ae13-0043e8d7a7be): 1589
[21:31:51] zLane (uuid: dc944dc7-8cc1-33c8-8ee0-6bde265c3408): 1560
[21:32:30] Demon666 (uuid: a6856c08-fecf-30ba-b541-6782e643be4a): а че донат
[21:32:35] Demon666 (uuid: a6856c08-fecf-30ba-b541-6782e643be4a): нет в табе
[21:33:38] eair (uuid: d62a127a-528b-348e-b89d-7aa1b8c78da7): кто созд?
[21:33:41] eair (uuid: d62a127a-528b-348e-b89d-7aa1b8c78da7): кто созд?
[21:33:45] eair (uuid: d62a127a-528b-348e-b89d-7aa1b8c78da7): кто созд?
[21:33:52] eair (uuid: d62a127a-528b-348e-b89d-7aa1b8c78da7): кто созд? а?
[21:34:14] zLane (uuid: dc944dc7-8cc1-33c8-8ee0-6bde265c3408): что хотел
[21:34:19] zLane (uuid: dc944dc7-8cc1-33c8-8ee0-6bde265c3408): что хотел
[21:34:27] eair (uuid: d62a127a-528b-348e-b89d-7aa1b8c78da7): ты оп
[21:34:30] eair (uuid: d62a127a-528b-348e-b89d-7aa1b8c78da7): ты оп zLane
[21:34:32] eair (uuid: d62a127a-528b-348e-b89d-7aa1b8c78da7): ты оп zLane
[21:34:34] eair (uuid: d62a127a-528b-348e-b89d-7aa1b8c78da7): ты оп zLane
[21:34:45] eair (uuid: d62a127a-528b-348e-b89d-7aa1b8c78da7): можна оп за пяр?
[21:35:08] eair (uuid: d62a127a-528b-348e-b89d-7aa1b8c78da7): можна оп за пяр?
[21:35:20] eair (uuid: d62a127a-528b-348e-b89d-7aa1b8c78da7): можна оп за пяр?
[21:35:25] eair (uuid: d62a127a-528b-348e-b89d-7aa1b8c78da7): можна оп за пяр?
[21:35:28] eair (uuid: d62a127a-528b-348e-b89d-7aa1b8c78da7): можна оп за пяр?
[21:35:36] eair (uuid: d62a127a-528b-348e-b89d-7aa1b8c78da7): можна оп за пяр? ответь!
[21:35:44] zLane (uuid: dc944dc7-8cc1-33c8-8ee0-6bde265c3408): можно
[21:35:50] eair (uuid: d62a127a-528b-348e-b89d-7aa1b8c78da7): ты оп
[21:35:51] eair (uuid: d62a127a-528b-348e-b89d-7aa1b8c78da7): ты оп?
[21:35:57] eair (uuid: d62a127a-528b-348e-b89d-7aa1b8c78da7): ты оп? zLane
[21:36:21] eair (uuid: d62a127a-528b-348e-b89d-7aa1b8c78da7): ану дай себе оп нп провеку
[21:36:35] eair (uuid: d62a127a-528b-348e-b89d-7aa1b8c78da7): ану дай себе оп штоб не обмаул
[21:37:17] eair (uuid: d62a127a-528b-348e-b89d-7aa1b8c78da7): ану дай себе оп штоб не обмаул
[21:37:33] eair (uuid: d62a127a-528b-348e-b89d-7aa1b8c78da7): ану дай себе оп штоб не обмаул
[21:37:35] eair (uuid: d62a127a-528b-348e-b89d-7aa1b8c78da7): ану дай себе оп штоб не обмаул
[21:37:48] eair (uuid: d62a127a-528b-348e-b89d-7aa1b8c78da7): ану дай себе оп штоб не обмаул
[21:37:49] eair (uuid: d62a127a-528b-348e-b89d-7aa1b8c78da7): ану дай себе оп штоб не обмаул
[21:37:55] zLane (uuid: dc944dc7-8cc1-33c8-8ee0-6bde265c3408): d
[21:38:00] eair (uuid: d62a127a-528b-348e-b89d-7aa1b8c78da7): ану дай себе оп штоб не обмаул
[21:38:02] zLane (uuid: dc944dc7-8cc1-33c8-8ee0-6bde265c3408): ienbim&
[21:38:05] zLane (uuid: dc944dc7-8cc1-33c8-8ee0-6bde265c3408): шутишь?
[21:38:12] eair (uuid: d62a127a-528b-348e-b89d-7aa1b8c78da7): нет
[21:38:23] zLane (uuid: dc944dc7-8cc1-33c8-8ee0-6bde265c3408): справа написаны создатели
[21:38:40] eair (uuid: d62a127a-528b-348e-b89d-7aa1b8c78da7): што? я тебя не понел
[21:38:46] eair (uuid: d62a127a-528b-348e-b89d-7aa1b8c78da7): ты биллдер
[21:38:50] zLane (uuid: dc944dc7-8cc1-33c8-8ee0-6bde265c3408): ну
[21:38:56] eair (uuid: d62a127a-528b-348e-b89d-7aa1b8c78da7): пярить?
[21:38:59] zLane (uuid: dc944dc7-8cc1-33c8-8ee0-6bde265c3408): давай
[21:39:07] Fhavyre (uuid: 85136f24-357f-3898-ae13-0043e8d7a7be): Ну да справа в таблице написано кто создатели
[21:39:14] eair (uuid: d62a127a-528b-348e-b89d-7aa1b8c78da7): 32 1 gogogogoogo
[21:41:13] eair (uuid: d62a127a-528b-348e-b89d-7aa1b8c78da7): все пропярил довай опку или ты обманул ?
[21:41:35] eair (uuid: d62a127a-528b-348e-b89d-7aa1b8c78da7): все пропярил довай опку или ты обманул ?
[21:41:51] zLane (uuid: dc944dc7-8cc1-33c8-8ee0-6bde265c3408): где пропиарил?
[21:42:02] eair (uuid: d62a127a-528b-348e-b89d-7aa1b8c78da7): в ютубе и в вк
[21:42:25] eair (uuid: d62a127a-528b-348e-b89d-7aa1b8c78da7): в ютубе и в тоесть не вк а в ютубе только
[21:42:44] zLane (uuid: dc944dc7-8cc1-33c8-8ee0-6bde265c3408): ну народ будет дам
[21:44:12] eair (uuid: d62a127a-528b-348e-b89d-7aa1b8c78da7): эээээ щя ноч дай покашто хоть АДМИНА ИЛИ МОДЕРАТОРА
[21:44:21] zLane (uuid: dc944dc7-8cc1-33c8-8ee0-6bde265c3408): за что?
[21:44:28] zLane (uuid: dc944dc7-8cc1-33c8-8ee0-6bde265c3408): я результат не вижу
[21:45:04] eair (uuid: d62a127a-528b-348e-b89d-7aa1b8c78da7): ЗА ПЯР ЗАВТРО УТРОВ ЗАЙДУТ ЧЕСТНО ОБЕЩ УВИДЕШ ДАЙ Я НЕ КРАШНУ Я МОМОГАЮ СЕРВЕРАМЧЕСТНО ДАЙ ПЖ
[21:45:19] eair (uuid: d62a127a-528b-348e-b89d-7aa1b8c78da7): ЗА ПЯР ЗАВТРО УТРОВ ЗАЙДУТ ЧЕСТНО ОБЕЩ УВИДЕШ ДАЙ Я НЕ КРАШНУ Я МОМОГАЮ СЕРВЕРАМЧЕСТНО ДАЙ ПЖ
[21:45:21] eair (uuid: d62a127a-528b-348e-b89d-7aa1b8c78da7): эээээ щя ноч дай покашто хоть
[21:45:34] eair (uuid: d62a127a-528b-348e-b89d-7aa1b8c78da7): ЗА ПЯР ЗАВТРО УТРОВ ЗАЙДУТ ЧЕСТНО
[21:45:38] eair (uuid: d62a127a-528b-348e-b89d-7aa1b8c78da7): ЗА ПЯР ЗАВТРО УТРОВ ЗАЙДУТ ЧЕСТНО
[21:45:56] zLane (uuid: dc944dc7-8cc1-33c8-8ee0-6bde265c3408): зачем тебе админка?
[21:52:55] zLane (uuid: dc944dc7-8cc1-33c8-8ee0-6bde265c3408): 1100
[21:53:04] zLane (uuid: dc944dc7-8cc1-33c8-8ee0-6bde265c3408): 1731
[21:53:37] zLane (uuid: dc944dc7-8cc1-33c8-8ee0-6bde265c3408): 1131
[21:53:57] zLane (uuid: dc944dc7-8cc1-33c8-8ee0-6bde265c3408): 1759
[21:54:57] zLane (uuid: dc944dc7-8cc1-33c8-8ee0-6bde265c3408): 1591
[21:55:27] zLane (uuid: dc944dc7-8cc1-33c8-8ee0-6bde265c3408): 935
[21:55:42] zLane (uuid: dc944dc7-8cc1-33c8-8ee0-6bde265c3408): 788
[21:56:08] zLane (uuid: dc944dc7-8cc1-33c8-8ee0-6bde265c3408): 1083
[21:56:27] zLane (uuid: dc944dc7-8cc1-33c8-8ee0-6bde265c3408): 1400
[21:56:28] Fhavyre (uuid: 85136f24-357f-3898-ae13-0043e8d7a7be): 1380
[21:56:47] Fhavyre (uuid: 85136f24-357f-3898-ae13-0043e8d7a7be): 962
[21:56:48] zLane (uuid: dc944dc7-8cc1-33c8-8ee0-6bde265c3408): 952
[21:57:15] Fhavyre (uuid: 85136f24-357f-3898-ae13-0043e8d7a7be): 1181
[21:57:28] Fhavyre (uuid: 85136f24-357f-3898-ae13-0043e8d7a7be): hgf
[21:57:31] Fhavyre (uuid: 85136f24-357f-3898-ae13-0043e8d7a7be): tgft
[21:57:32] Fhavyre (uuid: 85136f24-357f-3898-ae13-0043e8d7a7be): btb
[21:57:32] Fhavyre (uuid: 85136f24-357f-3898-ae13-0043e8d7a7be): b
[21:57:32] Fhavyre (uuid: 85136f24-357f-3898-ae13-0043e8d7a7be): b
[21:57:33] Fhavyre (uuid: 85136f24-357f-3898-ae13-0043e8d7a7be): bt
[21:57:33] Fhavyre (uuid: 85136f24-357f-3898-ae13-0043e8d7a7be): b
[21:57:34] Fhavyre (uuid: 85136f24-357f-3898-ae13-0043e8d7a7be): b
[21:57:35] Fhavyre (uuid: 85136f24-357f-3898-ae13-0043e8d7a7be): btfgl;bnbjhn
[21:57:36] Fhavyre (uuid: 85136f24-357f-3898-ae13-0043e8d7a7be): jhgioguq34htgurwe
[21:57:39] zLane (uuid: dc944dc7-8cc1-33c8-8ee0-6bde265c3408): 1135
[21:57:47] Fhavyre (uuid: 85136f24-357f-3898-ae13-0043e8d7a7be): 1175
[21:57:59] zLane (uuid: dc944dc7-8cc1-33c8-8ee0-6bde265c3408): 627
[21:57:59] Fhavyre (uuid: 85136f24-357f-3898-ae13-0043e8d7a7be): 627
[21:58:22] zLane (uuid: dc944dc7-8cc1-33c8-8ee0-6bde265c3408): 1301
[21:58:42] zLane (uuid: dc944dc7-8cc1-33c8-8ee0-6bde265c3408): 1548
[21:59:09] zLane (uuid: dc944dc7-8cc1-33c8-8ee0-6bde265c3408): 1218
[21:59:24] Fhavyre (uuid: 85136f24-357f-3898-ae13-0043e8d7a7be): 1815
[21:59:24] zLane (uuid: dc944dc7-8cc1-33c8-8ee0-6bde265c3408): 1815
[21:59:49] Fhavyre (uuid: 85136f24-357f-3898-ae13-0043e8d7a7be): 1691
[21:59:55] zLane (uuid: dc944dc7-8cc1-33c8-8ee0-6bde265c3408): 1681
[22:00:14] Fhavyre (uuid: 85136f24-357f-3898-ae13-0043e8d7a7be): 1403
[22:00:15] zLane (uuid: dc944dc7-8cc1-33c8-8ee0-6bde265c3408): 1402
[22:00:31] zLane (uuid: dc944dc7-8cc1-33c8-8ee0-6bde265c3408): 1536
[22:00:34] zLane (uuid: dc944dc7-8cc1-33c8-8ee0-6bde265c3408): 1534
[22:00:37] Fhavyre (uuid: 85136f24-357f-3898-ae13-0043e8d7a7be): 1534
[22:01:03] Fhavyre (uuid: 85136f24-357f-3898-ae13-0043e8d7a7be): 1348
[22:01:16] Fhavyre (uuid: 85136f24-357f-3898-ae13-0043e8d7a7be): 631
[22:01:35] Fhavyre (uuid: 85136f24-357f-3898-ae13-0043e8d7a7be): 936
[22:01:36] zLane (uuid: dc944dc7-8cc1-33c8-8ee0-6bde265c3408): 936
[22:01:54] Fhavyre (uuid: 85136f24-357f-3898-ae13-0043e8d7a7be): 1704
[22:01:54] zLane (uuid: dc944dc7-8cc1-33c8-8ee0-6bde265c3408): 1704
[22:02:14] Fhavyre (uuid: 85136f24-357f-3898-ae13-0043e8d7a7be): 1866
[22:02:32] zLane (uuid: dc944dc7-8cc1-33c8-8ee0-6bde265c3408): 1660
[22:02:35] Fhavyre (uuid: 85136f24-357f-3898-ae13-0043e8d7a7be): 1660
[22:02:55] Fhavyre (uuid: 85136f24-357f-3898-ae13-0043e8d7a7be): 1904
[22:03:14] Fhavyre (uuid: 85136f24-357f-3898-ae13-0043e8d7a7be): 1136
[22:03:15] zLane (uuid: dc944dc7-8cc1-33c8-8ee0-6bde265c3408): 1236
[22:03:39] Fhavyre (uuid: 85136f24-357f-3898-ae13-0043e8d7a7be): 1609
[22:03:41] zLane (uuid: dc944dc7-8cc1-33c8-8ee0-6bde265c3408): 1690зхъэ\
[22:03:44] Fhavyre (uuid: 85136f24-357f-3898-ae13-0043e8d7a7be): 1619
[22:03:47] zLane (uuid: dc944dc7-8cc1-33c8-8ee0-6bde265c3408): ошдяжса
[22:04:03] zLane (uuid: dc944dc7-8cc1-33c8-8ee0-6bde265c3408): 12078
[22:04:04] Fhavyre (uuid: 85136f24-357f-3898-ae13-0043e8d7a7be): 1274
[22:04:10] Fhavyre (uuid: 85136f24-357f-3898-ae13-0043e8d7a7be): 1270\
[22:04:12] Fhavyre (uuid: 85136f24-357f-3898-ae13-0043e8d7a7be): 1270
[22:04:20] zLane (uuid: dc944dc7-8cc1-33c8-8ee0-6bde265c3408): 131
[22:04:22] Fhavyre (uuid: 85136f24-357f-3898-ae13-0043e8d7a7be): 1431
[22:04:23] zLane (uuid: dc944dc7-8cc1-33c8-8ee0-6bde265c3408): 14321
[22:04:46] zLane (uuid: dc944dc7-8cc1-33c8-8ee0-6bde265c3408): 988
[22:05:09] Fhavyre (uuid: 85136f24-357f-3898-ae13-0043e8d7a7be): 1062
[22:05:37] zLane (uuid: dc944dc7-8cc1-33c8-8ee0-6bde265c3408): 1559
[22:05:54] zLane (uuid: dc944dc7-8cc1-33c8-8ee0-6bde265c3408): 1464
[22:05:58] Fhavyre (uuid: 85136f24-357f-3898-ae13-0043e8d7a7be): 1464\
[22:07:07] Fhavyre (uuid: 85136f24-357f-3898-ae13-0043e8d7a7be): 16565
[22:07:17] zLane (uuid: dc944dc7-8cc1-33c8-8ee0-6bde265c3408): 1454
[22:07:39] zLane (uuid: dc944dc7-8cc1-33c8-8ee0-6bde265c3408): 1099
[22:07:57] zLane (uuid: dc944dc7-8cc1-33c8-8ee0-6bde265c3408): 600]
[22:07:58] Fhavyre (uuid: 85136f24-357f-3898-ae13-0043e8d7a7be): 700
[22:08:17] zLane (uuid: dc944dc7-8cc1-33c8-8ee0-6bde265c3408): 1255
[22:08:18] Fhavyre (uuid: 85136f24-357f-3898-ae13-0043e8d7a7be): 1257
[22:08:22] Fhavyre (uuid: 85136f24-357f-3898-ae13-0043e8d7a7be): 1257
[22:08:26] zLane (uuid: dc944dc7-8cc1-33c8-8ee0-6bde265c3408): 1257
[22:08:39] Fhavyre (uuid: 85136f24-357f-3898-ae13-0043e8d7a7be): 954
[22:09:00] Fhavyre (uuid: 85136f24-357f-3898-ae13-0043e8d7a7be): 1386
[22:09:00] zLane (uuid: dc944dc7-8cc1-33c8-8ee0-6bde265c3408): 1548
[22:09:06] Fhavyre (uuid: 85136f24-357f-3898-ae13-0043e8d7a7be): 1386
[22:09:24] Fhavyre (uuid: 85136f24-357f-3898-ae13-0043e8d7a7be): 1210
[22:09:24] zLane (uuid: dc944dc7-8cc1-33c8-8ee0-6bde265c3408): 1212
[22:09:38] Fhavyre (uuid: 85136f24-357f-3898-ae13-0043e8d7a7be): 146546465
[22:09:44] Fhavyre (uuid: 85136f24-357f-3898-ae13-0043e8d7a7be): 726
[22:09:46] zLane (uuid: dc944dc7-8cc1-33c8-8ee0-6bde265c3408): 726
[22:09:50] Fhavyre (uuid: 85136f24-357f-3898-ae13-0043e8d7a7be): 726
[22:10:02] Fhavyre (uuid: 85136f24-357f-3898-ae13-0043e8d7a7be): 1280
[22:10:25] Fhavyre (uuid: 85136f24-357f-3898-ae13-0043e8d7a7be): 1520
[22:10:25] zLane (uuid: dc944dc7-8cc1-33c8-8ee0-6bde265c3408): 1520]
[22:10:45] Fhavyre (uuid: 85136f24-357f-3898-ae13-0043e8d7a7be): 1282
[22:11:06] zLane (uuid: dc944dc7-8cc1-33c8-8ee0-6bde265c3408): 08
[22:11:07] Fhavyre (uuid: 85136f24-357f-3898-ae13-0043e8d7a7be): 808
[22:11:27] Fhavyre (uuid: 85136f24-357f-3898-ae13-0043e8d7a7be): 943
[22:11:28] zLane (uuid: dc944dc7-8cc1-33c8-8ee0-6bde265c3408): 8423
[22:11:31] zLane (uuid: dc944dc7-8cc1-33c8-8ee0-6bde265c3408): 842
[22:11:32] Fhavyre (uuid: 85136f24-357f-3898-ae13-0043e8d7a7be): 943
[22:11:33] Fhavyre (uuid: 85136f24-357f-3898-ae13-0043e8d7a7be): 943
[22:11:34] Fhavyre (uuid: 85136f24-357f-3898-ae13-0043e8d7a7be): 943
[22:11:34] Fhavyre (uuid: 85136f24-357f-3898-ae13-0043e8d7a7be): 943
[22:11:39] zLane (uuid: dc944dc7-8cc1-33c8-8ee0-6bde265c3408): 852
[22:11:45] zLane (uuid: dc944dc7-8cc1-33c8-8ee0-6bde265c3408): 853
[22:11:59] zLane (uuid: dc944dc7-8cc1-33c8-8ee0-6bde265c3408): 1651
[22:12:03] Fhavyre (uuid: 85136f24-357f-3898-ae13-0043e8d7a7be): 1651
[22:12:15] zLane (uuid: dc944dc7-8cc1-33c8-8ee0-6bde265c3408): 1213
[22:12:37] zLane (uuid: dc944dc7-8cc1-33c8-8ee0-6bde265c3408): 1488
[22:12:37] Fhavyre (uuid: 85136f24-357f-3898-ae13-0043e8d7a7be): 599 + 889
[22:12:49] Fhavyre (uuid: 85136f24-357f-3898-ae13-0043e8d7a7be): (599+889)
[22:13:03] zLane (uuid: dc944dc7-8cc1-33c8-8ee0-6bde265c3408): 1412
[22:30:02] danilka1500 (uuid: c7e65e71-9e8c-3ab8-b876-6f6d5cbd9dc3): приветик
[22:30:07] Fhavyre (uuid: 85136f24-357f-3898-ae13-0043e8d7a7be): ky
[22:30:27] danilka1500 (uuid: c7e65e71-9e8c-3ab8-b876-6f6d5cbd9dc3): чё делаешь ?
[22:30:43] Fhavyre (uuid: 85136f24-357f-3898-ae13-0043e8d7a7be): Сосу член , а ты ?
[22:30:51] danilka1500 (uuid: c7e65e71-9e8c-3ab8-b876-6f6d5cbd9dc3): чз
[22:31:26] danilka1500 (uuid: c7e65e71-9e8c-3ab8-b876-6f6d5cbd9dc3): что ?
[22:32:00] danilka1500 (uuid: c7e65e71-9e8c-3ab8-b876-6f6d5cbd9dc3):  что надо
[22:32:10] zLane (uuid: dc944dc7-8cc1-33c8-8ee0-6bde265c3408): а что хотел?
[22:32:18] danilka1500 (uuid: c7e65e71-9e8c-3ab8-b876-6f6d5cbd9dc3): я ничего
[22:33:08] danilka1500 (uuid: c7e65e71-9e8c-3ab8-b876-6f6d5cbd9dc3): можешь дать 1 кейс
[22:33:39] danilka1500 (uuid: c7e65e71-9e8c-3ab8-b876-6f6d5cbd9dc3): можешь дать 1 кейс ?
[22:34:17] danilka1500 (uuid: c7e65e71-9e8c-3ab8-b876-6f6d5cbd9dc3): круто
[22:37:43] danilka1500 (uuid: c7e65e71-9e8c-3ab8-b876-6f6d5cbd9dc3): можешь дать 1 кейс ?
[22:38:13] danilka1500 (uuid: c7e65e71-9e8c-3ab8-b876-6f6d5cbd9dc3): спасибо просить небуду больше ничего
[22:38:17] danilka1500 (uuid: c7e65e71-9e8c-3ab8-b876-6f6d5cbd9dc3): спасибо
[22:41:11] Fhavyre (uuid: 85136f24-357f-3898-ae13-0043e8d7a7be): 1460
[22:58:23] Fhavyre (uuid: 85136f24-357f-3898-ae13-0043e8d7a7be): 600
[22:58:27] Fhavyre (uuid: 85136f24-357f-3898-ae13-0043e8d7a7be): sdf
[22:58:41] Fhavyre (uuid: 85136f24-357f-3898-ae13-0043e8d7a7be): sdf
[22:58:45] Fhavyre (uuid: 85136f24-357f-3898-ae13-0043e8d7a7be): 123
[22:58:48] Fhavyre (uuid: 85136f24-357f-3898-ae13-0043e8d7a7be): 123asd
